[2025-11-01T18:29:33.012+0000] {local_task_job_runner.py:120} INFO - ::group::Pre task execution logs
[2025-11-01T18:29:33.095+0000] {taskinstance.py:2076} INFO - Dependencies all met for dep_context=non-requeueable deps ti=<TaskInstance: access_log_refresh_dag.run_dbt_models manual__2025-11-01T18:29:29.305003+00:00 [queued]>
[2025-11-01T18:29:33.111+0000] {taskinstance.py:2076} INFO - Dependencies all met for dep_context=requeueable deps ti=<TaskInstance: access_log_refresh_dag.run_dbt_models manual__2025-11-01T18:29:29.305003+00:00 [queued]>
[2025-11-01T18:29:33.111+0000] {taskinstance.py:2306} INFO - Starting attempt 1 of 2
[2025-11-01T18:29:33.137+0000] {taskinstance.py:2330} INFO - Executing <Task(BashOperator): run_dbt_models> on 2025-11-01 18:29:29.305003+00:00
[2025-11-01T18:29:33.159+0000] {standard_task_runner.py:90} INFO - Running: ['airflow', 'tasks', 'run', 'access_log_refresh_dag', 'run_dbt_models', 'manual__2025-11-01T18:29:29.305003+00:00', '--job-id', '18', '--raw', '--subdir', 'DAGS_FOLDER/access_log_refresh_dag.py', '--cfg-path', '/tmp/tmp0ghw4krt']
[2025-11-01T18:29:33.169+0000] {standard_task_runner.py:91} INFO - Job 18: Subtask run_dbt_models
[2025-11-01T18:29:33.169+0000] {logging_mixin.py:188} WARNING - /home/airflow/.local/lib/python3.12/site-packages/airflow/task/task_runner/standard_task_runner.py:62 DeprecationWarning: This process (pid=278) is multi-threaded, use of fork() may lead to deadlocks in the child.
[2025-11-01T18:29:33.172+0000] {standard_task_runner.py:64} INFO - Started process 279 to run task
[2025-11-01T18:29:33.275+0000] {task_command.py:426} INFO - Running <TaskInstance: access_log_refresh_dag.run_dbt_models manual__2025-11-01T18:29:29.305003+00:00 [running]> on host 51231d51eec1
[2025-11-01T18:29:33.487+0000] {taskinstance.py:2648} INFO - Exporting env vars: AIRFLOW_CTX_DAG_OWNER='airflow' AIRFLOW_CTX_DAG_ID='access_log_refresh_dag' AIRFLOW_CTX_TASK_ID='run_dbt_models' AIRFLOW_CTX_EXECUTION_DATE='2025-11-01T18:29:29.305003+00:00' AIRFLOW_CTX_TRY_NUMBER='1' AIRFLOW_CTX_DAG_RUN_ID='manual__2025-11-01T18:29:29.305003+00:00'
[2025-11-01T18:29:33.488+0000] {taskinstance.py:430} INFO - ::endgroup::
[2025-11-01T18:29:33.510+0000] {subprocess.py:63} INFO - Tmp dir root location: /tmp
[2025-11-01T18:29:33.511+0000] {subprocess.py:75} INFO - Running command: ['/usr/bin/bash', '-c', 'dbt run --project-dir /home/airflow/dbt_projects/access_log_project --profiles-dir /home/airflow/.dbt']
[2025-11-01T18:29:33.527+0000] {subprocess.py:86} INFO - Output:
[2025-11-01T18:29:37.916+0000] {subprocess.py:93} INFO - [0m18:29:37  Running with dbt=1.9.0
[2025-11-01T18:29:38.546+0000] {subprocess.py:93} INFO - [0m18:29:38  Registered adapter: postgres=1.9.0
[2025-11-01T18:29:39.216+0000] {subprocess.py:93} INFO - [0m18:29:39  Unable to do partial parsing because a project config has changed
[2025-11-01T18:29:42.112+0000] {subprocess.py:93} INFO - [0m18:29:42  Encountered an error:
[2025-11-01T18:29:42.113+0000] {subprocess.py:93} INFO - Found a cycle: model.access_log_project.stg_access_logs
[2025-11-01T18:29:42.116+0000] {subprocess.py:93} INFO - [0m18:29:42  Traceback (most recent call last):
[2025-11-01T18:29:42.117+0000] {subprocess.py:93} INFO -   File "/home/airflow/.local/lib/python3.12/site-packages/dbt/cli/requires.py", line 153, in wrapper
[2025-11-01T18:29:42.117+0000] {subprocess.py:93} INFO -     result, success = func(*args, **kwargs)
[2025-11-01T18:29:42.118+0000] {subprocess.py:93} INFO -                       ^^^^^^^^^^^^^^^^^^^^^
[2025-11-01T18:29:42.118+0000] {subprocess.py:93} INFO -   File "/home/airflow/.local/lib/python3.12/site-packages/dbt/cli/requires.py", line 103, in wrapper
[2025-11-01T18:29:42.119+0000] {subprocess.py:93} INFO -     return func(*args, **kwargs)
[2025-11-01T18:29:42.119+0000] {subprocess.py:93} INFO -            ^^^^^^^^^^^^^^^^^^^^^
[2025-11-01T18:29:42.119+0000] {subprocess.py:93} INFO -   File "/home/airflow/.local/lib/python3.12/site-packages/dbt/cli/requires.py", line 235, in wrapper
[2025-11-01T18:29:42.120+0000] {subprocess.py:93} INFO -     return func(*args, **kwargs)
[2025-11-01T18:29:42.120+0000] {subprocess.py:93} INFO -            ^^^^^^^^^^^^^^^^^^^^^
[2025-11-01T18:29:42.120+0000] {subprocess.py:93} INFO -   File "/home/airflow/.local/lib/python3.12/site-packages/dbt/cli/requires.py", line 264, in wrapper
[2025-11-01T18:29:42.121+0000] {subprocess.py:93} INFO -     return func(*args, **kwargs)
[2025-11-01T18:29:42.121+0000] {subprocess.py:93} INFO -            ^^^^^^^^^^^^^^^^^^^^^
[2025-11-01T18:29:42.121+0000] {subprocess.py:93} INFO -   File "/home/airflow/.local/lib/python3.12/site-packages/dbt/cli/requires.py", line 311, in wrapper
[2025-11-01T18:29:42.122+0000] {subprocess.py:93} INFO -     return func(*args, **kwargs)
[2025-11-01T18:29:42.122+0000] {subprocess.py:93} INFO -            ^^^^^^^^^^^^^^^^^^^^^
[2025-11-01T18:29:42.122+0000] {subprocess.py:93} INFO -   File "/home/airflow/.local/lib/python3.12/site-packages/dbt/cli/requires.py", line 328, in wrapper
[2025-11-01T18:29:42.123+0000] {subprocess.py:93} INFO -     return func(*args, **kwargs)
[2025-11-01T18:29:42.123+0000] {subprocess.py:93} INFO -            ^^^^^^^^^^^^^^^^^^^^^
[2025-11-01T18:29:42.123+0000] {subprocess.py:93} INFO -   File "/home/airflow/.local/lib/python3.12/site-packages/dbt/cli/main.py", line 578, in run
[2025-11-01T18:29:42.124+0000] {subprocess.py:93} INFO -     results = task.run()
[2025-11-01T18:29:42.125+0000] {subprocess.py:93} INFO -               ^^^^^^^^^^
[2025-11-01T18:29:42.125+0000] {subprocess.py:93} INFO -   File "/home/airflow/.local/lib/python3.12/site-packages/dbt/task/runnable.py", line 572, in run
[2025-11-01T18:29:42.125+0000] {subprocess.py:93} INFO -     self._runtime_initialize()
[2025-11-01T18:29:42.126+0000] {subprocess.py:93} INFO -   File "/home/airflow/.local/lib/python3.12/site-packages/dbt/task/compile.py", line 133, in _runtime_initialize
[2025-11-01T18:29:42.127+0000] {subprocess.py:93} INFO -     super()._runtime_initialize()
[2025-11-01T18:29:42.128+0000] {subprocess.py:93} INFO -   File "/home/airflow/.local/lib/python3.12/site-packages/dbt/task/runnable.py", line 170, in _runtime_initialize
[2025-11-01T18:29:42.129+0000] {subprocess.py:93} INFO -     self.compile_manifest()
[2025-11-01T18:29:42.132+0000] {subprocess.py:93} INFO -   File "/home/airflow/.local/lib/python3.12/site-packages/dbt/task/base.py", line 134, in compile_manifest
[2025-11-01T18:29:42.136+0000] {subprocess.py:93} INFO -     self.graph = self.compiler.compile(self.manifest)
[2025-11-01T18:29:42.137+0000] {subprocess.py:93} INFO -                  ^^^^^^^^^^^^^^^^^^^^^^^^^^^^^^^^^^^^
[2025-11-01T18:29:42.138+0000] {subprocess.py:93} INFO -   File "/home/airflow/.local/lib/python3.12/site-packages/dbt/compilation.py", line 475, in compile
[2025-11-01T18:29:42.138+0000] {subprocess.py:93} INFO -     linker.link_graph(manifest)
[2025-11-01T18:29:42.139+0000] {subprocess.py:93} INFO -   File "/home/airflow/.local/lib/python3.12/site-packages/dbt/compilation.py", line 195, in link_graph
[2025-11-01T18:29:42.140+0000] {subprocess.py:93} INFO -     raise RuntimeError("Found a cycle: {}".format(cycle))
[2025-11-01T18:29:42.140+0000] {subprocess.py:93} INFO - RuntimeError: Found a cycle: model.access_log_project.stg_access_logs
[2025-11-01T18:29:42.141+0000] {subprocess.py:93} INFO - 
[2025-11-01T18:29:43.952+0000] {subprocess.py:97} INFO - Command exited with return code 2
[2025-11-01T18:29:43.953+0000] {taskinstance.py:441} INFO - ::group::Post task execution logs
[2025-11-01T18:29:43.989+0000] {taskinstance.py:2905} ERROR - Task failed with exception
Traceback (most recent call last):
  File "/home/airflow/.local/lib/python3.12/site-packages/airflow/models/taskinstance.py", line 465, in _execute_task
    result = _execute_callable(context=context, **execute_callable_kwargs)
             ^^^^^^^^^^^^^^^^^^^^^^^^^^^^^^^^^^^^^^^^^^^^^^^^^^^^^^^^^^^^^
  File "/home/airflow/.local/lib/python3.12/site-packages/airflow/models/taskinstance.py", line 432, in _execute_callable
    return execute_callable(context=context, **execute_callable_kwargs)
           ^^^^^^^^^^^^^^^^^^^^^^^^^^^^^^^^^^^^^^^^^^^^^^^^^^^^^^^^^^^^
  File "/home/airflow/.local/lib/python3.12/site-packages/airflow/models/baseoperator.py", line 401, in wrapper
    return func(self, *args, **kwargs)
           ^^^^^^^^^^^^^^^^^^^^^^^^^^^
  File "/home/airflow/.local/lib/python3.12/site-packages/airflow/operators/bash.py", line 243, in execute
    raise AirflowException(
airflow.exceptions.AirflowException: Bash command failed. The command returned a non-zero exit code 2.
[2025-11-01T18:29:44.000+0000] {taskinstance.py:1206} INFO - Marking task as UP_FOR_RETRY. dag_id=access_log_refresh_dag, task_id=run_dbt_models, run_id=manual__2025-11-01T18:29:29.305003+00:00, execution_date=20251101T182929, start_date=20251101T182933, end_date=20251101T182943
[2025-11-01T18:29:44.055+0000] {standard_task_runner.py:110} ERROR - Failed to execute job 18 for task run_dbt_models (Bash command failed. The command returned a non-zero exit code 2.; 279)
[2025-11-01T18:29:44.111+0000] {local_task_job_runner.py:243} INFO - Task exited with return code 1
[2025-11-01T18:29:44.147+0000] {taskinstance.py:3503} INFO - 0 downstream tasks scheduled from follow-on schedule check
[2025-11-01T18:29:44.152+0000] {local_task_job_runner.py:222} INFO - ::endgroup::
