[2025-11-01T18:30:22.390+0000] {local_task_job_runner.py:120} INFO - ::group::Pre task execution logs
[2025-11-01T18:30:22.470+0000] {taskinstance.py:2076} INFO - Dependencies all met for dep_context=non-requeueable deps ti=<TaskInstance: access_log_refresh_dag.run_dbt_models manual__2025-11-01T18:25:07.754724+00:00 [queued]>
[2025-11-01T18:30:22.490+0000] {taskinstance.py:2076} INFO - Dependencies all met for dep_context=requeueable deps ti=<TaskInstance: access_log_refresh_dag.run_dbt_models manual__2025-11-01T18:25:07.754724+00:00 [queued]>
[2025-11-01T18:30:22.491+0000] {taskinstance.py:2306} INFO - Starting attempt 2 of 2
[2025-11-01T18:30:22.521+0000] {taskinstance.py:2330} INFO - Executing <Task(BashOperator): run_dbt_models> on 2025-11-01 18:25:07.754724+00:00
[2025-11-01T18:30:22.538+0000] {standard_task_runner.py:90} INFO - Running: ['airflow', 'tasks', 'run', 'access_log_refresh_dag', 'run_dbt_models', 'manual__2025-11-01T18:25:07.754724+00:00', '--job-id', '19', '--raw', '--subdir', 'DAGS_FOLDER/access_log_refresh_dag.py', '--cfg-path', '/tmp/tmp0ea09pe3']
[2025-11-01T18:30:22.543+0000] {standard_task_runner.py:91} INFO - Job 19: Subtask run_dbt_models
[2025-11-01T18:30:22.544+0000] {logging_mixin.py:188} WARNING - /home/airflow/.local/lib/python3.12/site-packages/airflow/task/task_runner/standard_task_runner.py:62 DeprecationWarning: This process (pid=297) is multi-threaded, use of fork() may lead to deadlocks in the child.
[2025-11-01T18:30:22.545+0000] {standard_task_runner.py:64} INFO - Started process 298 to run task
[2025-11-01T18:30:22.662+0000] {task_command.py:426} INFO - Running <TaskInstance: access_log_refresh_dag.run_dbt_models manual__2025-11-01T18:25:07.754724+00:00 [running]> on host 51231d51eec1
[2025-11-01T18:30:22.902+0000] {taskinstance.py:2648} INFO - Exporting env vars: AIRFLOW_CTX_DAG_OWNER='airflow' AIRFLOW_CTX_DAG_ID='access_log_refresh_dag' AIRFLOW_CTX_TASK_ID='run_dbt_models' AIRFLOW_CTX_EXECUTION_DATE='2025-11-01T18:25:07.754724+00:00' AIRFLOW_CTX_TRY_NUMBER='2' AIRFLOW_CTX_DAG_RUN_ID='manual__2025-11-01T18:25:07.754724+00:00'
[2025-11-01T18:30:22.904+0000] {taskinstance.py:430} INFO - ::endgroup::
[2025-11-01T18:30:22.931+0000] {subprocess.py:63} INFO - Tmp dir root location: /tmp
[2025-11-01T18:30:22.932+0000] {subprocess.py:75} INFO - Running command: ['/usr/bin/bash', '-c', 'dbt run --project-dir /home/airflow/dbt_projects/access_log_project --profiles-dir /home/airflow/.dbt']
[2025-11-01T18:30:22.954+0000] {subprocess.py:86} INFO - Output:
[2025-11-01T18:30:29.310+0000] {subprocess.py:93} INFO - [0m18:30:29  Running with dbt=1.9.0
[2025-11-01T18:30:29.829+0000] {subprocess.py:93} INFO - [0m18:30:29  Registered adapter: postgres=1.9.0
[2025-11-01T18:30:30.886+0000] {subprocess.py:93} INFO - [0m18:30:30  Encountered an error:
[2025-11-01T18:30:30.887+0000] {subprocess.py:93} INFO - Found a cycle: model.access_log_project.stg_access_logs
[2025-11-01T18:30:30.894+0000] {subprocess.py:93} INFO - [0m18:30:30  Traceback (most recent call last):
[2025-11-01T18:30:30.896+0000] {subprocess.py:93} INFO -   File "/home/airflow/.local/lib/python3.12/site-packages/dbt/cli/requires.py", line 153, in wrapper
[2025-11-01T18:30:30.897+0000] {subprocess.py:93} INFO -     result, success = func(*args, **kwargs)
[2025-11-01T18:30:30.897+0000] {subprocess.py:93} INFO -                       ^^^^^^^^^^^^^^^^^^^^^
[2025-11-01T18:30:30.898+0000] {subprocess.py:93} INFO -   File "/home/airflow/.local/lib/python3.12/site-packages/dbt/cli/requires.py", line 103, in wrapper
[2025-11-01T18:30:30.899+0000] {subprocess.py:93} INFO -     return func(*args, **kwargs)
[2025-11-01T18:30:30.900+0000] {subprocess.py:93} INFO -            ^^^^^^^^^^^^^^^^^^^^^
[2025-11-01T18:30:30.901+0000] {subprocess.py:93} INFO -   File "/home/airflow/.local/lib/python3.12/site-packages/dbt/cli/requires.py", line 235, in wrapper
[2025-11-01T18:30:30.902+0000] {subprocess.py:93} INFO -     return func(*args, **kwargs)
[2025-11-01T18:30:30.903+0000] {subprocess.py:93} INFO -            ^^^^^^^^^^^^^^^^^^^^^
[2025-11-01T18:30:30.907+0000] {subprocess.py:93} INFO -   File "/home/airflow/.local/lib/python3.12/site-packages/dbt/cli/requires.py", line 264, in wrapper
[2025-11-01T18:30:30.910+0000] {subprocess.py:93} INFO -     return func(*args, **kwargs)
[2025-11-01T18:30:30.913+0000] {subprocess.py:93} INFO -            ^^^^^^^^^^^^^^^^^^^^^
[2025-11-01T18:30:30.914+0000] {subprocess.py:93} INFO -   File "/home/airflow/.local/lib/python3.12/site-packages/dbt/cli/requires.py", line 311, in wrapper
[2025-11-01T18:30:30.915+0000] {subprocess.py:93} INFO -     return func(*args, **kwargs)
[2025-11-01T18:30:30.916+0000] {subprocess.py:93} INFO -            ^^^^^^^^^^^^^^^^^^^^^
[2025-11-01T18:30:30.917+0000] {subprocess.py:93} INFO -   File "/home/airflow/.local/lib/python3.12/site-packages/dbt/cli/requires.py", line 328, in wrapper
[2025-11-01T18:30:30.917+0000] {subprocess.py:93} INFO -     return func(*args, **kwargs)
[2025-11-01T18:30:30.918+0000] {subprocess.py:93} INFO -            ^^^^^^^^^^^^^^^^^^^^^
[2025-11-01T18:30:30.919+0000] {subprocess.py:93} INFO -   File "/home/airflow/.local/lib/python3.12/site-packages/dbt/cli/main.py", line 578, in run
[2025-11-01T18:30:30.920+0000] {subprocess.py:93} INFO -     results = task.run()
[2025-11-01T18:30:30.921+0000] {subprocess.py:93} INFO -               ^^^^^^^^^^
[2025-11-01T18:30:30.922+0000] {subprocess.py:93} INFO -   File "/home/airflow/.local/lib/python3.12/site-packages/dbt/task/runnable.py", line 572, in run
[2025-11-01T18:30:30.923+0000] {subprocess.py:93} INFO -     self._runtime_initialize()
[2025-11-01T18:30:30.924+0000] {subprocess.py:93} INFO -   File "/home/airflow/.local/lib/python3.12/site-packages/dbt/task/compile.py", line 133, in _runtime_initialize
[2025-11-01T18:30:30.925+0000] {subprocess.py:93} INFO -     super()._runtime_initialize()
[2025-11-01T18:30:30.926+0000] {subprocess.py:93} INFO -   File "/home/airflow/.local/lib/python3.12/site-packages/dbt/task/runnable.py", line 170, in _runtime_initialize
[2025-11-01T18:30:30.933+0000] {subprocess.py:93} INFO -     self.compile_manifest()
[2025-11-01T18:30:30.934+0000] {subprocess.py:93} INFO -   File "/home/airflow/.local/lib/python3.12/site-packages/dbt/task/base.py", line 134, in compile_manifest
[2025-11-01T18:30:30.935+0000] {subprocess.py:93} INFO -     self.graph = self.compiler.compile(self.manifest)
[2025-11-01T18:30:30.936+0000] {subprocess.py:93} INFO -                  ^^^^^^^^^^^^^^^^^^^^^^^^^^^^^^^^^^^^
[2025-11-01T18:30:30.937+0000] {subprocess.py:93} INFO -   File "/home/airflow/.local/lib/python3.12/site-packages/dbt/compilation.py", line 475, in compile
[2025-11-01T18:30:30.938+0000] {subprocess.py:93} INFO -     linker.link_graph(manifest)
[2025-11-01T18:30:30.939+0000] {subprocess.py:93} INFO -   File "/home/airflow/.local/lib/python3.12/site-packages/dbt/compilation.py", line 195, in link_graph
[2025-11-01T18:30:30.949+0000] {subprocess.py:93} INFO -     raise RuntimeError("Found a cycle: {}".format(cycle))
[2025-11-01T18:30:30.950+0000] {subprocess.py:93} INFO - RuntimeError: Found a cycle: model.access_log_project.stg_access_logs
[2025-11-01T18:30:30.951+0000] {subprocess.py:93} INFO - 
[2025-11-01T18:30:32.599+0000] {subprocess.py:97} INFO - Command exited with return code 2
[2025-11-01T18:30:32.600+0000] {taskinstance.py:441} INFO - ::group::Post task execution logs
[2025-11-01T18:30:32.624+0000] {taskinstance.py:2905} ERROR - Task failed with exception
Traceback (most recent call last):
  File "/home/airflow/.local/lib/python3.12/site-packages/airflow/models/taskinstance.py", line 465, in _execute_task
    result = _execute_callable(context=context, **execute_callable_kwargs)
             ^^^^^^^^^^^^^^^^^^^^^^^^^^^^^^^^^^^^^^^^^^^^^^^^^^^^^^^^^^^^^
  File "/home/airflow/.local/lib/python3.12/site-packages/airflow/models/taskinstance.py", line 432, in _execute_callable
    return execute_callable(context=context, **execute_callable_kwargs)
           ^^^^^^^^^^^^^^^^^^^^^^^^^^^^^^^^^^^^^^^^^^^^^^^^^^^^^^^^^^^^
  File "/home/airflow/.local/lib/python3.12/site-packages/airflow/models/baseoperator.py", line 401, in wrapper
    return func(self, *args, **kwargs)
           ^^^^^^^^^^^^^^^^^^^^^^^^^^^
  File "/home/airflow/.local/lib/python3.12/site-packages/airflow/operators/bash.py", line 243, in execute
    raise AirflowException(
airflow.exceptions.AirflowException: Bash command failed. The command returned a non-zero exit code 2.
[2025-11-01T18:30:32.632+0000] {taskinstance.py:1206} INFO - Marking task as FAILED. dag_id=access_log_refresh_dag, task_id=run_dbt_models, run_id=manual__2025-11-01T18:25:07.754724+00:00, execution_date=20251101T182507, start_date=20251101T183022, end_date=20251101T183032
[2025-11-01T18:30:32.659+0000] {standard_task_runner.py:110} ERROR - Failed to execute job 19 for task run_dbt_models (Bash command failed. The command returned a non-zero exit code 2.; 298)
[2025-11-01T18:30:32.672+0000] {local_task_job_runner.py:243} INFO - Task exited with return code 1
[2025-11-01T18:30:32.707+0000] {taskinstance.py:3503} INFO - 0 downstream tasks scheduled from follow-on schedule check
[2025-11-01T18:30:32.712+0000] {local_task_job_runner.py:222} INFO - ::endgroup::
