[2025-11-05T17:31:55.067+0000] {local_task_job_runner.py:120} INFO - ::group::Pre task execution logs
[2025-11-05T17:31:55.510+0000] {taskinstance.py:2076} INFO - Dependencies all met for dep_context=non-requeueable deps ti=<TaskInstance: access_log_refresh_dag.run_dbt_models scheduled__2025-11-02T00:00:00+00:00 [queued]>
[2025-11-05T17:31:55.616+0000] {taskinstance.py:2076} INFO - Dependencies all met for dep_context=requeueable deps ti=<TaskInstance: access_log_refresh_dag.run_dbt_models scheduled__2025-11-02T00:00:00+00:00 [queued]>
[2025-11-05T17:31:55.617+0000] {taskinstance.py:2306} INFO - Starting attempt 1 of 2
[2025-11-05T17:31:55.808+0000] {taskinstance.py:2330} INFO - Executing <Task(BashOperator): run_dbt_models> on 2025-11-02 00:00:00+00:00
[2025-11-05T17:31:55.967+0000] {standard_task_runner.py:90} INFO - Running: ['airflow', 'tasks', 'run', 'access_log_refresh_dag', 'run_dbt_models', 'scheduled__2025-11-02T00:00:00+00:00', '--job-id', '9', '--raw', '--subdir', 'DAGS_FOLDER/access_log_refresh_dag.py', '--cfg-path', '/tmp/tmpwbsqp5wx']
[2025-11-05T17:31:56.053+0000] {standard_task_runner.py:91} INFO - Job 9: Subtask run_dbt_models
[2025-11-05T17:31:56.050+0000] {logging_mixin.py:188} WARNING - /home/airflow/.local/lib/python3.12/site-packages/airflow/task/task_runner/standard_task_runner.py:62 DeprecationWarning: This process (pid=600) is multi-threaded, use of fork() may lead to deadlocks in the child.
[2025-11-05T17:31:56.062+0000] {standard_task_runner.py:64} INFO - Started process 604 to run task
[2025-11-05T17:31:56.877+0000] {task_command.py:426} INFO - Running <TaskInstance: access_log_refresh_dag.run_dbt_models scheduled__2025-11-02T00:00:00+00:00 [running]> on host e34b3a823b72
[2025-11-05T17:31:57.930+0000] {taskinstance.py:2648} INFO - Exporting env vars: AIRFLOW_CTX_DAG_OWNER='airflow' AIRFLOW_CTX_DAG_ID='access_log_refresh_dag' AIRFLOW_CTX_TASK_ID='run_dbt_models' AIRFLOW_CTX_EXECUTION_DATE='2025-11-02T00:00:00+00:00' AIRFLOW_CTX_TRY_NUMBER='1' AIRFLOW_CTX_DAG_RUN_ID='scheduled__2025-11-02T00:00:00+00:00'
[2025-11-05T17:31:57.934+0000] {taskinstance.py:430} INFO - ::endgroup::
[2025-11-05T17:31:58.078+0000] {subprocess.py:63} INFO - Tmp dir root location: /tmp
[2025-11-05T17:31:58.094+0000] {subprocess.py:75} INFO - Running command: ['/usr/bin/bash', '-c', 'dbt run --project-dir /home/airflow/dbt_projects/access_log_project --profiles-dir /home/airflow/.dbt']
[2025-11-05T17:31:58.144+0000] {subprocess.py:86} INFO - Output:
[2025-11-05T17:32:22.261+0000] {subprocess.py:93} INFO - [0m17:32:22  Running with dbt=1.9.0
[2025-11-05T17:32:24.833+0000] {subprocess.py:93} INFO - [0m17:32:24  Registered adapter: postgres=1.9.0
[2025-11-05T17:32:28.789+0000] {subprocess.py:93} INFO - [0m17:32:28  Found 3 models, 1 source, 434 macros
[2025-11-05T17:32:28.810+0000] {subprocess.py:93} INFO - [0m17:32:28
[2025-11-05T17:32:28.814+0000] {subprocess.py:93} INFO - [0m17:32:28  Concurrency: 1 threads (target='dev')
[2025-11-05T17:32:28.827+0000] {subprocess.py:93} INFO - [0m17:32:28
[2025-11-05T17:32:29.979+0000] {subprocess.py:93} INFO - [0m17:32:29  1 of 3 START sql view model gold.stg_access_logs ............................... [RUN]
[2025-11-05T17:32:30.645+0000] {subprocess.py:93} INFO - [0m17:32:30  1 of 3 ERROR creating sql view model gold.stg_access_logs ...................... [[31mERROR[0m in 0.65s]
[2025-11-05T17:32:30.677+0000] {subprocess.py:93} INFO - [0m17:32:30  2 of 3 SKIP relation gold.agg_user_activity .................................... [[33mSKIP[0m]
[2025-11-05T17:32:30.682+0000] {subprocess.py:93} INFO - [0m17:32:30  3 of 3 SKIP relation gold.suspicious_activity .................................. [[33mSKIP[0m]
[2025-11-05T17:32:30.776+0000] {subprocess.py:93} INFO - [0m17:32:30
[2025-11-05T17:32:30.781+0000] {subprocess.py:93} INFO - [0m17:32:30  Finished running 3 view models in 0 hours 0 minutes and 1.95 seconds (1.95s).
[2025-11-05T17:32:31.003+0000] {subprocess.py:93} INFO - [0m17:32:31
[2025-11-05T17:32:31.014+0000] {subprocess.py:93} INFO - [0m17:32:31  [31mCompleted with 1 error, 0 partial successes, and 0 warnings:[0m
[2025-11-05T17:32:31.016+0000] {subprocess.py:93} INFO - [0m17:32:31
[2025-11-05T17:32:31.018+0000] {subprocess.py:93} INFO - [0m17:32:31    Database Error in model stg_access_logs (models/stg_access_logs.sql)
[2025-11-05T17:32:31.019+0000] {subprocess.py:93} INFO -   relation "stg_access_logs__dbt_backup" already exists
[2025-11-05T17:32:31.020+0000] {subprocess.py:93} INFO -   compiled code at target/run/access_log_project/models/stg_access_logs.sql
[2025-11-05T17:32:31.028+0000] {subprocess.py:93} INFO - [0m17:32:31
[2025-11-05T17:32:31.029+0000] {subprocess.py:93} INFO - [0m17:32:31  Done. PASS=0 WARN=0 ERROR=1 SKIP=2 TOTAL=3
[2025-11-05T17:32:40.452+0000] {subprocess.py:97} INFO - Command exited with return code 1
[2025-11-05T17:32:40.462+0000] {taskinstance.py:441} INFO - ::group::Post task execution logs
[2025-11-05T17:32:40.567+0000] {taskinstance.py:2905} ERROR - Task failed with exception
Traceback (most recent call last):
  File "/home/airflow/.local/lib/python3.12/site-packages/airflow/models/taskinstance.py", line 465, in _execute_task
    result = _execute_callable(context=context, **execute_callable_kwargs)
             ^^^^^^^^^^^^^^^^^^^^^^^^^^^^^^^^^^^^^^^^^^^^^^^^^^^^^^^^^^^^^
  File "/home/airflow/.local/lib/python3.12/site-packages/airflow/models/taskinstance.py", line 432, in _execute_callable
    return execute_callable(context=context, **execute_callable_kwargs)
           ^^^^^^^^^^^^^^^^^^^^^^^^^^^^^^^^^^^^^^^^^^^^^^^^^^^^^^^^^^^^
  File "/home/airflow/.local/lib/python3.12/site-packages/airflow/models/baseoperator.py", line 401, in wrapper
    return func(self, *args, **kwargs)
           ^^^^^^^^^^^^^^^^^^^^^^^^^^^
  File "/home/airflow/.local/lib/python3.12/site-packages/airflow/operators/bash.py", line 243, in execute
    raise AirflowException(
airflow.exceptions.AirflowException: Bash command failed. The command returned a non-zero exit code 1.
[2025-11-05T17:32:40.594+0000] {taskinstance.py:1206} INFO - Marking task as UP_FOR_RETRY. dag_id=access_log_refresh_dag, task_id=run_dbt_models, run_id=scheduled__2025-11-02T00:00:00+00:00, execution_date=20251102T000000, start_date=20251105T173155, end_date=20251105T173240
[2025-11-05T17:32:40.677+0000] {standard_task_runner.py:110} ERROR - Failed to execute job 9 for task run_dbt_models (Bash command failed. The command returned a non-zero exit code 1.; 604)
[2025-11-05T17:32:40.737+0000] {local_task_job_runner.py:243} INFO - Task exited with return code 1
[2025-11-05T17:32:40.864+0000] {taskinstance.py:3503} INFO - 0 downstream tasks scheduled from follow-on schedule check
[2025-11-05T17:32:40.868+0000] {local_task_job_runner.py:222} INFO - ::endgroup::
