[2025-11-01T15:26:20.967+0000] {local_task_job_runner.py:120} INFO - ::group::Pre task execution logs
[2025-11-01T15:26:21.047+0000] {taskinstance.py:2076} INFO - Dependencies all met for dep_context=non-requeueable deps ti=<TaskInstance: access_log_refresh_dag.run_dbt_models manual__2025-11-01T15:21:05.451612+00:00 [queued]>
[2025-11-01T15:26:21.063+0000] {taskinstance.py:2076} INFO - Dependencies all met for dep_context=requeueable deps ti=<TaskInstance: access_log_refresh_dag.run_dbt_models manual__2025-11-01T15:21:05.451612+00:00 [queued]>
[2025-11-01T15:26:21.064+0000] {taskinstance.py:2306} INFO - Starting attempt 2 of 2
[2025-11-01T15:26:21.086+0000] {taskinstance.py:2330} INFO - Executing <Task(BashOperator): run_dbt_models> on 2025-11-01 15:21:05.451612+00:00
[2025-11-01T15:26:21.104+0000] {standard_task_runner.py:90} INFO - Running: ['airflow', 'tasks', 'run', 'access_log_refresh_dag', 'run_dbt_models', 'manual__2025-11-01T15:21:05.451612+00:00', '--job-id', '4', '--raw', '--subdir', 'DAGS_FOLDER/access_log_refresh_dag.py', '--cfg-path', '/tmp/tmp_g49mm0y']
[2025-11-01T15:26:21.113+0000] {standard_task_runner.py:91} INFO - Job 4: Subtask run_dbt_models
[2025-11-01T15:26:21.132+0000] {logging_mixin.py:188} WARNING - /home/airflow/.local/lib/python3.12/site-packages/airflow/task/task_runner/standard_task_runner.py:62 DeprecationWarning: This process (pid=227) is multi-threaded, use of fork() may lead to deadlocks in the child.
[2025-11-01T15:26:21.133+0000] {standard_task_runner.py:64} INFO - Started process 228 to run task
[2025-11-01T15:26:21.246+0000] {task_command.py:426} INFO - Running <TaskInstance: access_log_refresh_dag.run_dbt_models manual__2025-11-01T15:21:05.451612+00:00 [running]> on host 1273aa1cac92
[2025-11-01T15:26:21.457+0000] {taskinstance.py:2648} INFO - Exporting env vars: AIRFLOW_CTX_DAG_OWNER='airflow' AIRFLOW_CTX_DAG_ID='access_log_refresh_dag' AIRFLOW_CTX_TASK_ID='run_dbt_models' AIRFLOW_CTX_EXECUTION_DATE='2025-11-01T15:21:05.451612+00:00' AIRFLOW_CTX_TRY_NUMBER='2' AIRFLOW_CTX_DAG_RUN_ID='manual__2025-11-01T15:21:05.451612+00:00'
[2025-11-01T15:26:21.459+0000] {taskinstance.py:430} INFO - ::endgroup::
[2025-11-01T15:26:21.520+0000] {subprocess.py:63} INFO - Tmp dir root location: /tmp
[2025-11-01T15:26:21.532+0000] {subprocess.py:75} INFO - Running command: ['/usr/bin/bash', '-c', 'dbt run --project-dir /home/airflow/.dbt']
[2025-11-01T15:26:21.585+0000] {subprocess.py:86} INFO - Output:
[2025-11-01T15:26:33.176+0000] {subprocess.py:93} INFO - [0m15:26:33  Running with dbt=1.9.0
[2025-11-01T15:26:33.181+0000] {subprocess.py:93} INFO - [0m15:26:33  Encountered an error:
[2025-11-01T15:26:33.182+0000] {subprocess.py:93} INFO - Runtime Error
[2025-11-01T15:26:33.184+0000] {subprocess.py:93} INFO -   No dbt_project.yml found at expected path /home/airflow/.dbt/dbt_project.yml
[2025-11-01T15:26:33.184+0000] {subprocess.py:93} INFO -   Verify that each entry within packages.yml (and their transitive dependencies) contains a file named dbt_project.yml
[2025-11-01T15:26:33.185+0000] {subprocess.py:93} INFO - 
[2025-11-01T15:26:33.666+0000] {subprocess.py:97} INFO - Command exited with return code 2
[2025-11-01T15:26:33.670+0000] {taskinstance.py:441} INFO - ::group::Post task execution logs
[2025-11-01T15:26:33.721+0000] {taskinstance.py:2905} ERROR - Task failed with exception
Traceback (most recent call last):
  File "/home/airflow/.local/lib/python3.12/site-packages/airflow/models/taskinstance.py", line 465, in _execute_task
    result = _execute_callable(context=context, **execute_callable_kwargs)
             ^^^^^^^^^^^^^^^^^^^^^^^^^^^^^^^^^^^^^^^^^^^^^^^^^^^^^^^^^^^^^
  File "/home/airflow/.local/lib/python3.12/site-packages/airflow/models/taskinstance.py", line 432, in _execute_callable
    return execute_callable(context=context, **execute_callable_kwargs)
           ^^^^^^^^^^^^^^^^^^^^^^^^^^^^^^^^^^^^^^^^^^^^^^^^^^^^^^^^^^^^
  File "/home/airflow/.local/lib/python3.12/site-packages/airflow/models/baseoperator.py", line 401, in wrapper
    return func(self, *args, **kwargs)
           ^^^^^^^^^^^^^^^^^^^^^^^^^^^
  File "/home/airflow/.local/lib/python3.12/site-packages/airflow/operators/bash.py", line 243, in execute
    raise AirflowException(
airflow.exceptions.AirflowException: Bash command failed. The command returned a non-zero exit code 2.
[2025-11-01T15:26:33.736+0000] {taskinstance.py:1206} INFO - Marking task as FAILED. dag_id=access_log_refresh_dag, task_id=run_dbt_models, run_id=manual__2025-11-01T15:21:05.451612+00:00, execution_date=20251101T152105, start_date=20251101T152621, end_date=20251101T152633
[2025-11-01T15:26:33.779+0000] {standard_task_runner.py:110} ERROR - Failed to execute job 4 for task run_dbt_models (Bash command failed. The command returned a non-zero exit code 2.; 228)
[2025-11-01T15:26:33.823+0000] {local_task_job_runner.py:243} INFO - Task exited with return code 1
[2025-11-01T15:26:33.873+0000] {taskinstance.py:3503} INFO - 0 downstream tasks scheduled from follow-on schedule check
[2025-11-01T15:26:33.878+0000] {local_task_job_runner.py:222} INFO - ::endgroup::
