[2025-11-01T16:06:31.583+0000] {local_task_job_runner.py:120} INFO - ::group::Pre task execution logs
[2025-11-01T16:06:31.663+0000] {taskinstance.py:2076} INFO - Dependencies all met for dep_context=non-requeueable deps ti=<TaskInstance: access_log_refresh_dag.run_dbt_models manual__2025-11-01T16:01:14.087518+00:00 [queued]>
[2025-11-01T16:06:31.679+0000] {taskinstance.py:2076} INFO - Dependencies all met for dep_context=requeueable deps ti=<TaskInstance: access_log_refresh_dag.run_dbt_models manual__2025-11-01T16:01:14.087518+00:00 [queued]>
[2025-11-01T16:06:31.680+0000] {taskinstance.py:2306} INFO - Starting attempt 2 of 2
[2025-11-01T16:06:31.720+0000] {taskinstance.py:2330} INFO - Executing <Task(BashOperator): run_dbt_models> on 2025-11-01 16:01:14.087518+00:00
[2025-11-01T16:06:31.737+0000] {standard_task_runner.py:90} INFO - Running: ['airflow', 'tasks', 'run', 'access_log_refresh_dag', 'run_dbt_models', 'manual__2025-11-01T16:01:14.087518+00:00', '--job-id', '11', '--raw', '--subdir', 'DAGS_FOLDER/access_log_refresh_dag.py', '--cfg-path', '/tmp/tmpdpeyjhsa']
[2025-11-01T16:06:31.746+0000] {standard_task_runner.py:91} INFO - Job 11: Subtask run_dbt_models
[2025-11-01T16:06:31.747+0000] {logging_mixin.py:188} WARNING - /home/airflow/.local/lib/python3.12/site-packages/airflow/task/task_runner/standard_task_runner.py:62 DeprecationWarning: This process (pid=241) is multi-threaded, use of fork() may lead to deadlocks in the child.
[2025-11-01T16:06:31.748+0000] {standard_task_runner.py:64} INFO - Started process 242 to run task
[2025-11-01T16:06:31.875+0000] {task_command.py:426} INFO - Running <TaskInstance: access_log_refresh_dag.run_dbt_models manual__2025-11-01T16:01:14.087518+00:00 [running]> on host d400d0dd903a
[2025-11-01T16:06:32.056+0000] {taskinstance.py:2648} INFO - Exporting env vars: AIRFLOW_CTX_DAG_OWNER='airflow' AIRFLOW_CTX_DAG_ID='access_log_refresh_dag' AIRFLOW_CTX_TASK_ID='run_dbt_models' AIRFLOW_CTX_EXECUTION_DATE='2025-11-01T16:01:14.087518+00:00' AIRFLOW_CTX_TRY_NUMBER='2' AIRFLOW_CTX_DAG_RUN_ID='manual__2025-11-01T16:01:14.087518+00:00'
[2025-11-01T16:06:32.058+0000] {taskinstance.py:430} INFO - ::endgroup::
[2025-11-01T16:06:32.079+0000] {subprocess.py:63} INFO - Tmp dir root location: /tmp
[2025-11-01T16:06:32.081+0000] {subprocess.py:75} INFO - Running command: ['/usr/bin/bash', '-c', 'dbt run --project-dir /home/airflow/dbt_projects/access_log_project --profiles-dir /home/airflow/.dbt']
[2025-11-01T16:06:32.097+0000] {subprocess.py:86} INFO - Output:
[2025-11-01T16:06:36.442+0000] {subprocess.py:93} INFO - [0m16:06:36  Running with dbt=1.9.0
[2025-11-01T16:06:37.127+0000] {subprocess.py:93} INFO - [0m16:06:37  Registered adapter: postgres=1.9.0
[2025-11-01T16:06:37.493+0000] {subprocess.py:93} INFO - [0m16:06:37  Unable to do partial parsing because saved manifest not found. Starting full parse.
[2025-11-01T16:06:40.088+0000] {subprocess.py:93} INFO - [0m16:06:40  Encountered an error:
[2025-11-01T16:06:40.089+0000] {subprocess.py:93} INFO - Compilation Error
[2025-11-01T16:06:40.090+0000] {subprocess.py:93} INFO -   Model 'model.access_log_project.agg_user_activity' (models/agg_user_activity.sql) depends on a source named 'public.access_logs' which was not found
[2025-11-01T16:06:48.579+0000] {subprocess.py:97} INFO - Command exited with return code 2
[2025-11-01T16:06:48.581+0000] {taskinstance.py:441} INFO - ::group::Post task execution logs
[2025-11-01T16:06:48.609+0000] {taskinstance.py:2905} ERROR - Task failed with exception
Traceback (most recent call last):
  File "/home/airflow/.local/lib/python3.12/site-packages/airflow/models/taskinstance.py", line 465, in _execute_task
    result = _execute_callable(context=context, **execute_callable_kwargs)
             ^^^^^^^^^^^^^^^^^^^^^^^^^^^^^^^^^^^^^^^^^^^^^^^^^^^^^^^^^^^^^
  File "/home/airflow/.local/lib/python3.12/site-packages/airflow/models/taskinstance.py", line 432, in _execute_callable
    return execute_callable(context=context, **execute_callable_kwargs)
           ^^^^^^^^^^^^^^^^^^^^^^^^^^^^^^^^^^^^^^^^^^^^^^^^^^^^^^^^^^^^
  File "/home/airflow/.local/lib/python3.12/site-packages/airflow/models/baseoperator.py", line 401, in wrapper
    return func(self, *args, **kwargs)
           ^^^^^^^^^^^^^^^^^^^^^^^^^^^
  File "/home/airflow/.local/lib/python3.12/site-packages/airflow/operators/bash.py", line 243, in execute
    raise AirflowException(
airflow.exceptions.AirflowException: Bash command failed. The command returned a non-zero exit code 2.
[2025-11-01T16:06:48.619+0000] {taskinstance.py:1206} INFO - Marking task as FAILED. dag_id=access_log_refresh_dag, task_id=run_dbt_models, run_id=manual__2025-11-01T16:01:14.087518+00:00, execution_date=20251101T160114, start_date=20251101T160631, end_date=20251101T160648
[2025-11-01T16:06:48.646+0000] {standard_task_runner.py:110} ERROR - Failed to execute job 11 for task run_dbt_models (Bash command failed. The command returned a non-zero exit code 2.; 242)
[2025-11-01T16:06:48.689+0000] {local_task_job_runner.py:243} INFO - Task exited with return code 1
[2025-11-01T16:06:48.732+0000] {taskinstance.py:3503} INFO - 0 downstream tasks scheduled from follow-on schedule check
[2025-11-01T16:06:48.736+0000] {local_task_job_runner.py:222} INFO - ::endgroup::
