[2025-11-01T16:01:17.994+0000] {local_task_job_runner.py:120} INFO - ::group::Pre task execution logs
[2025-11-01T16:01:18.071+0000] {taskinstance.py:2076} INFO - Dependencies all met for dep_context=non-requeueable deps ti=<TaskInstance: access_log_refresh_dag.run_dbt_models manual__2025-11-01T16:01:14.087518+00:00 [queued]>
[2025-11-01T16:01:18.087+0000] {taskinstance.py:2076} INFO - Dependencies all met for dep_context=requeueable deps ti=<TaskInstance: access_log_refresh_dag.run_dbt_models manual__2025-11-01T16:01:14.087518+00:00 [queued]>
[2025-11-01T16:01:18.088+0000] {taskinstance.py:2306} INFO - Starting attempt 1 of 2
[2025-11-01T16:01:18.118+0000] {taskinstance.py:2330} INFO - Executing <Task(BashOperator): run_dbt_models> on 2025-11-01 16:01:14.087518+00:00
[2025-11-01T16:01:18.135+0000] {standard_task_runner.py:90} INFO - Running: ['airflow', 'tasks', 'run', 'access_log_refresh_dag', 'run_dbt_models', 'manual__2025-11-01T16:01:14.087518+00:00', '--job-id', '9', '--raw', '--subdir', 'DAGS_FOLDER/access_log_refresh_dag.py', '--cfg-path', '/tmp/tmp__dp7xzp']
[2025-11-01T16:01:18.143+0000] {standard_task_runner.py:91} INFO - Job 9: Subtask run_dbt_models
[2025-11-01T16:01:18.144+0000] {logging_mixin.py:188} WARNING - /home/airflow/.local/lib/python3.12/site-packages/airflow/task/task_runner/standard_task_runner.py:62 DeprecationWarning: This process (pid=168) is multi-threaded, use of fork() may lead to deadlocks in the child.
[2025-11-01T16:01:18.145+0000] {standard_task_runner.py:64} INFO - Started process 169 to run task
[2025-11-01T16:01:18.249+0000] {task_command.py:426} INFO - Running <TaskInstance: access_log_refresh_dag.run_dbt_models manual__2025-11-01T16:01:14.087518+00:00 [running]> on host d400d0dd903a
[2025-11-01T16:01:18.513+0000] {taskinstance.py:2648} INFO - Exporting env vars: AIRFLOW_CTX_DAG_OWNER='airflow' AIRFLOW_CTX_DAG_ID='access_log_refresh_dag' AIRFLOW_CTX_TASK_ID='run_dbt_models' AIRFLOW_CTX_EXECUTION_DATE='2025-11-01T16:01:14.087518+00:00' AIRFLOW_CTX_TRY_NUMBER='1' AIRFLOW_CTX_DAG_RUN_ID='manual__2025-11-01T16:01:14.087518+00:00'
[2025-11-01T16:01:18.515+0000] {taskinstance.py:430} INFO - ::endgroup::
[2025-11-01T16:01:18.587+0000] {subprocess.py:63} INFO - Tmp dir root location: /tmp
[2025-11-01T16:01:18.590+0000] {subprocess.py:75} INFO - Running command: ['/usr/bin/bash', '-c', 'dbt run --project-dir /home/airflow/dbt_projects/access_log_project --profiles-dir /home/airflow/.dbt']
[2025-11-01T16:01:18.621+0000] {subprocess.py:86} INFO - Output:
[2025-11-01T16:01:24.513+0000] {subprocess.py:93} INFO - [0m16:01:24  Running with dbt=1.9.0
[2025-11-01T16:01:25.254+0000] {subprocess.py:93} INFO - [0m16:01:25  Registered adapter: postgres=1.9.0
[2025-11-01T16:01:25.717+0000] {subprocess.py:93} INFO - [0m16:01:25  Unable to do partial parsing because saved manifest not found. Starting full parse.
[2025-11-01T16:01:29.164+0000] {subprocess.py:93} INFO - [0m16:01:29  Encountered an error:
[2025-11-01T16:01:29.165+0000] {subprocess.py:93} INFO - Compilation Error
[2025-11-01T16:01:29.166+0000] {subprocess.py:93} INFO -   Model 'model.access_log_project.agg_user_activity' (models/agg_user_activity.sql) depends on a source named 'public.access_logs' which was not found
[2025-11-01T16:01:30.957+0000] {subprocess.py:97} INFO - Command exited with return code 2
[2025-11-01T16:01:30.959+0000] {taskinstance.py:441} INFO - ::group::Post task execution logs
[2025-11-01T16:01:30.990+0000] {taskinstance.py:2905} ERROR - Task failed with exception
Traceback (most recent call last):
  File "/home/airflow/.local/lib/python3.12/site-packages/airflow/models/taskinstance.py", line 465, in _execute_task
    result = _execute_callable(context=context, **execute_callable_kwargs)
             ^^^^^^^^^^^^^^^^^^^^^^^^^^^^^^^^^^^^^^^^^^^^^^^^^^^^^^^^^^^^^
  File "/home/airflow/.local/lib/python3.12/site-packages/airflow/models/taskinstance.py", line 432, in _execute_callable
    return execute_callable(context=context, **execute_callable_kwargs)
           ^^^^^^^^^^^^^^^^^^^^^^^^^^^^^^^^^^^^^^^^^^^^^^^^^^^^^^^^^^^^
  File "/home/airflow/.local/lib/python3.12/site-packages/airflow/models/baseoperator.py", line 401, in wrapper
    return func(self, *args, **kwargs)
           ^^^^^^^^^^^^^^^^^^^^^^^^^^^
  File "/home/airflow/.local/lib/python3.12/site-packages/airflow/operators/bash.py", line 243, in execute
    raise AirflowException(
airflow.exceptions.AirflowException: Bash command failed. The command returned a non-zero exit code 2.
[2025-11-01T16:01:30.998+0000] {taskinstance.py:1206} INFO - Marking task as UP_FOR_RETRY. dag_id=access_log_refresh_dag, task_id=run_dbt_models, run_id=manual__2025-11-01T16:01:14.087518+00:00, execution_date=20251101T160114, start_date=20251101T160118, end_date=20251101T160130
[2025-11-01T16:01:31.029+0000] {standard_task_runner.py:110} ERROR - Failed to execute job 9 for task run_dbt_models (Bash command failed. The command returned a non-zero exit code 2.; 169)
[2025-11-01T16:01:31.061+0000] {local_task_job_runner.py:243} INFO - Task exited with return code 1
[2025-11-01T16:01:31.100+0000] {taskinstance.py:3503} INFO - 0 downstream tasks scheduled from follow-on schedule check
[2025-11-01T16:01:31.106+0000] {local_task_job_runner.py:222} INFO - ::endgroup::
