[2025-11-01T15:16:46.499+0000] {local_task_job_runner.py:120} INFO - ::group::Pre task execution logs
[2025-11-01T15:16:46.596+0000] {taskinstance.py:2076} INFO - Dependencies all met for dep_context=non-requeueable deps ti=<TaskInstance: access_log_refresh_dag.run_dbt_models manual__2025-11-01T15:16:40.339483+00:00 [queued]>
[2025-11-01T15:16:46.620+0000] {taskinstance.py:2076} INFO - Dependencies all met for dep_context=requeueable deps ti=<TaskInstance: access_log_refresh_dag.run_dbt_models manual__2025-11-01T15:16:40.339483+00:00 [queued]>
[2025-11-01T15:16:46.621+0000] {taskinstance.py:2306} INFO - Starting attempt 1 of 2
[2025-11-01T15:16:46.655+0000] {taskinstance.py:2330} INFO - Executing <Task(BashOperator): run_dbt_models> on 2025-11-01 15:16:40.339483+00:00
[2025-11-01T15:16:46.669+0000] {standard_task_runner.py:90} INFO - Running: ['airflow', 'tasks', 'run', 'access_log_refresh_dag', 'run_dbt_models', 'manual__2025-11-01T15:16:40.339483+00:00', '--job-id', '3', '--raw', '--subdir', 'DAGS_FOLDER/access_log_refresh_dag.py', '--cfg-path', '/tmp/tmpw70uk907']
[2025-11-01T15:16:46.674+0000] {standard_task_runner.py:91} INFO - Job 3: Subtask run_dbt_models
[2025-11-01T15:16:46.683+0000] {logging_mixin.py:188} WARNING - /home/airflow/.local/lib/python3.12/site-packages/airflow/task/task_runner/standard_task_runner.py:62 DeprecationWarning: This process (pid=224) is multi-threaded, use of fork() may lead to deadlocks in the child.
[2025-11-01T15:16:46.684+0000] {standard_task_runner.py:64} INFO - Started process 225 to run task
[2025-11-01T15:16:46.787+0000] {task_command.py:426} INFO - Running <TaskInstance: access_log_refresh_dag.run_dbt_models manual__2025-11-01T15:16:40.339483+00:00 [running]> on host 2e0322cda8fa
[2025-11-01T15:16:47.138+0000] {taskinstance.py:2648} INFO - Exporting env vars: AIRFLOW_CTX_DAG_OWNER='airflow' AIRFLOW_CTX_DAG_ID='access_log_refresh_dag' AIRFLOW_CTX_TASK_ID='run_dbt_models' AIRFLOW_CTX_EXECUTION_DATE='2025-11-01T15:16:40.339483+00:00' AIRFLOW_CTX_TRY_NUMBER='1' AIRFLOW_CTX_DAG_RUN_ID='manual__2025-11-01T15:16:40.339483+00:00'
[2025-11-01T15:16:47.141+0000] {taskinstance.py:430} INFO - ::endgroup::
[2025-11-01T15:16:47.188+0000] {subprocess.py:63} INFO - Tmp dir root location: /tmp
[2025-11-01T15:16:47.190+0000] {subprocess.py:75} INFO - Running command: ['/usr/bin/bash', '-c', 'dbt run --project-dir /opt/airflow/dbt']
[2025-11-01T15:16:47.214+0000] {subprocess.py:86} INFO - Output:
[2025-11-01T15:16:53.852+0000] {subprocess.py:93} INFO - Usage: dbt run [OPTIONS]
[2025-11-01T15:16:53.852+0000] {subprocess.py:93} INFO - Try 'dbt run -h' for help.
[2025-11-01T15:16:53.853+0000] {subprocess.py:93} INFO - 
[2025-11-01T15:16:53.854+0000] {subprocess.py:93} INFO - Error: Invalid value for '--project-dir': Path '/opt/airflow/dbt' does not exist.
[2025-11-01T15:16:54.184+0000] {subprocess.py:97} INFO - Command exited with return code 2
[2025-11-01T15:16:54.185+0000] {taskinstance.py:441} INFO - ::group::Post task execution logs
[2025-11-01T15:16:54.213+0000] {taskinstance.py:2905} ERROR - Task failed with exception
Traceback (most recent call last):
  File "/home/airflow/.local/lib/python3.12/site-packages/airflow/models/taskinstance.py", line 465, in _execute_task
    result = _execute_callable(context=context, **execute_callable_kwargs)
             ^^^^^^^^^^^^^^^^^^^^^^^^^^^^^^^^^^^^^^^^^^^^^^^^^^^^^^^^^^^^^
  File "/home/airflow/.local/lib/python3.12/site-packages/airflow/models/taskinstance.py", line 432, in _execute_callable
    return execute_callable(context=context, **execute_callable_kwargs)
           ^^^^^^^^^^^^^^^^^^^^^^^^^^^^^^^^^^^^^^^^^^^^^^^^^^^^^^^^^^^^
  File "/home/airflow/.local/lib/python3.12/site-packages/airflow/models/baseoperator.py", line 401, in wrapper
    return func(self, *args, **kwargs)
           ^^^^^^^^^^^^^^^^^^^^^^^^^^^
  File "/home/airflow/.local/lib/python3.12/site-packages/airflow/operators/bash.py", line 243, in execute
    raise AirflowException(
airflow.exceptions.AirflowException: Bash command failed. The command returned a non-zero exit code 2.
[2025-11-01T15:16:54.221+0000] {taskinstance.py:1206} INFO - Marking task as UP_FOR_RETRY. dag_id=access_log_refresh_dag, task_id=run_dbt_models, run_id=manual__2025-11-01T15:16:40.339483+00:00, execution_date=20251101T151640, start_date=20251101T151646, end_date=20251101T151654
[2025-11-01T15:16:54.250+0000] {standard_task_runner.py:110} ERROR - Failed to execute job 3 for task run_dbt_models (Bash command failed. The command returned a non-zero exit code 2.; 225)
[2025-11-01T15:16:54.294+0000] {local_task_job_runner.py:243} INFO - Task exited with return code 1
[2025-11-01T15:16:54.330+0000] {taskinstance.py:3503} INFO - 0 downstream tasks scheduled from follow-on schedule check
[2025-11-01T15:16:54.334+0000] {local_task_job_runner.py:222} INFO - ::endgroup::
