[2025-11-01T15:18:14.210+0000] {local_task_job_runner.py:120} INFO - ::group::Pre task execution logs
[2025-11-01T15:18:14.291+0000] {taskinstance.py:2076} INFO - Dependencies all met for dep_context=non-requeueable deps ti=<TaskInstance: access_log_refresh_dag.run_dbt_models manual__2025-11-01T15:16:40.339483+00:00 [queued]>
[2025-11-01T15:18:14.308+0000] {taskinstance.py:2076} INFO - Dependencies all met for dep_context=requeueable deps ti=<TaskInstance: access_log_refresh_dag.run_dbt_models manual__2025-11-01T15:16:40.339483+00:00 [queued]>
[2025-11-01T15:18:14.309+0000] {taskinstance.py:2306} INFO - Starting attempt 2 of 3
[2025-11-01T15:18:14.337+0000] {taskinstance.py:2330} INFO - Executing <Task(BashOperator): run_dbt_models> on 2025-11-01 15:16:40.339483+00:00
[2025-11-01T15:18:14.358+0000] {standard_task_runner.py:90} INFO - Running: ['airflow', 'tasks', 'run', 'access_log_refresh_dag', 'run_dbt_models', 'manual__2025-11-01T15:16:40.339483+00:00', '--job-id', '4', '--raw', '--subdir', 'DAGS_FOLDER/access_log_refresh_dag.py', '--cfg-path', '/tmp/tmppgkh5kyk']
[2025-11-01T15:18:14.363+0000] {standard_task_runner.py:91} INFO - Job 4: Subtask run_dbt_models
[2025-11-01T15:18:14.381+0000] {logging_mixin.py:188} WARNING - /home/airflow/.local/lib/python3.12/site-packages/airflow/task/task_runner/standard_task_runner.py:62 DeprecationWarning: This process (pid=247) is multi-threaded, use of fork() may lead to deadlocks in the child.
[2025-11-01T15:18:14.382+0000] {standard_task_runner.py:64} INFO - Started process 248 to run task
[2025-11-01T15:18:14.541+0000] {task_command.py:426} INFO - Running <TaskInstance: access_log_refresh_dag.run_dbt_models manual__2025-11-01T15:16:40.339483+00:00 [running]> on host 2e0322cda8fa
[2025-11-01T15:18:14.760+0000] {taskinstance.py:2648} INFO - Exporting env vars: AIRFLOW_CTX_DAG_OWNER='airflow' AIRFLOW_CTX_DAG_ID='access_log_refresh_dag' AIRFLOW_CTX_TASK_ID='run_dbt_models' AIRFLOW_CTX_EXECUTION_DATE='2025-11-01T15:16:40.339483+00:00' AIRFLOW_CTX_TRY_NUMBER='2' AIRFLOW_CTX_DAG_RUN_ID='manual__2025-11-01T15:16:40.339483+00:00'
[2025-11-01T15:18:14.762+0000] {taskinstance.py:430} INFO - ::endgroup::
[2025-11-01T15:18:14.787+0000] {subprocess.py:63} INFO - Tmp dir root location: /tmp
[2025-11-01T15:18:14.789+0000] {subprocess.py:75} INFO - Running command: ['/usr/bin/bash', '-c', 'dbt run --project-dir /home/airflow/.dbt']
[2025-11-01T15:18:14.809+0000] {subprocess.py:86} INFO - Output:
[2025-11-01T15:18:19.986+0000] {subprocess.py:93} INFO - [0m15:18:19  Running with dbt=1.9.0
[2025-11-01T15:18:19.989+0000] {subprocess.py:93} INFO - [0m15:18:19  Encountered an error:
[2025-11-01T15:18:19.990+0000] {subprocess.py:93} INFO - Runtime Error
[2025-11-01T15:18:19.991+0000] {subprocess.py:93} INFO -   No dbt_project.yml found at expected path /home/airflow/.dbt/dbt_project.yml
[2025-11-01T15:18:19.992+0000] {subprocess.py:93} INFO -   Verify that each entry within packages.yml (and their transitive dependencies) contains a file named dbt_project.yml
[2025-11-01T15:18:19.992+0000] {subprocess.py:93} INFO - 
[2025-11-01T15:18:20.399+0000] {subprocess.py:97} INFO - Command exited with return code 2
[2025-11-01T15:18:20.400+0000] {taskinstance.py:441} INFO - ::group::Post task execution logs
[2025-11-01T15:18:20.426+0000] {taskinstance.py:2905} ERROR - Task failed with exception
Traceback (most recent call last):
  File "/home/airflow/.local/lib/python3.12/site-packages/airflow/models/taskinstance.py", line 465, in _execute_task
    result = _execute_callable(context=context, **execute_callable_kwargs)
             ^^^^^^^^^^^^^^^^^^^^^^^^^^^^^^^^^^^^^^^^^^^^^^^^^^^^^^^^^^^^^
  File "/home/airflow/.local/lib/python3.12/site-packages/airflow/models/taskinstance.py", line 432, in _execute_callable
    return execute_callable(context=context, **execute_callable_kwargs)
           ^^^^^^^^^^^^^^^^^^^^^^^^^^^^^^^^^^^^^^^^^^^^^^^^^^^^^^^^^^^^
  File "/home/airflow/.local/lib/python3.12/site-packages/airflow/models/baseoperator.py", line 401, in wrapper
    return func(self, *args, **kwargs)
           ^^^^^^^^^^^^^^^^^^^^^^^^^^^
  File "/home/airflow/.local/lib/python3.12/site-packages/airflow/operators/bash.py", line 243, in execute
    raise AirflowException(
airflow.exceptions.AirflowException: Bash command failed. The command returned a non-zero exit code 2.
[2025-11-01T15:18:20.436+0000] {taskinstance.py:1206} INFO - Marking task as UP_FOR_RETRY. dag_id=access_log_refresh_dag, task_id=run_dbt_models, run_id=manual__2025-11-01T15:16:40.339483+00:00, execution_date=20251101T151640, start_date=20251101T151814, end_date=20251101T151820
[2025-11-01T15:18:20.485+0000] {standard_task_runner.py:110} ERROR - Failed to execute job 4 for task run_dbt_models (Bash command failed. The command returned a non-zero exit code 2.; 248)
[2025-11-01T15:18:20.527+0000] {local_task_job_runner.py:243} INFO - Task exited with return code 1
[2025-11-01T15:18:20.563+0000] {taskinstance.py:3503} INFO - 0 downstream tasks scheduled from follow-on schedule check
[2025-11-01T15:18:20.568+0000] {local_task_job_runner.py:222} INFO - ::endgroup::
