[2025-11-01T18:08:17.747+0000] {local_task_job_runner.py:120} INFO - ::group::Pre task execution logs
[2025-11-01T18:08:17.844+0000] {taskinstance.py:2076} INFO - Dependencies all met for dep_context=non-requeueable deps ti=<TaskInstance: access_log_refresh_dag.run_dbt_models manual__2025-11-01T18:02:54.514374+00:00 [queued]>
[2025-11-01T18:08:17.865+0000] {taskinstance.py:2076} INFO - Dependencies all met for dep_context=requeueable deps ti=<TaskInstance: access_log_refresh_dag.run_dbt_models manual__2025-11-01T18:02:54.514374+00:00 [queued]>
[2025-11-01T18:08:17.865+0000] {taskinstance.py:2306} INFO - Starting attempt 2 of 2
[2025-11-01T18:08:17.896+0000] {taskinstance.py:2330} INFO - Executing <Task(BashOperator): run_dbt_models> on 2025-11-01 18:02:54.514374+00:00
[2025-11-01T18:08:17.912+0000] {standard_task_runner.py:90} INFO - Running: ['airflow', 'tasks', 'run', 'access_log_refresh_dag', 'run_dbt_models', 'manual__2025-11-01T18:02:54.514374+00:00', '--job-id', '8', '--raw', '--subdir', 'DAGS_FOLDER/access_log_refresh_dag.py', '--cfg-path', '/tmp/tmp365o5x2m']
[2025-11-01T18:08:17.919+0000] {standard_task_runner.py:91} INFO - Job 8: Subtask run_dbt_models
[2025-11-01T18:08:17.921+0000] {logging_mixin.py:188} WARNING - /home/airflow/.local/lib/python3.12/site-packages/airflow/task/task_runner/standard_task_runner.py:62 DeprecationWarning: This process (pid=238) is multi-threaded, use of fork() may lead to deadlocks in the child.
[2025-11-01T18:08:17.923+0000] {standard_task_runner.py:64} INFO - Started process 239 to run task
[2025-11-01T18:08:18.044+0000] {task_command.py:426} INFO - Running <TaskInstance: access_log_refresh_dag.run_dbt_models manual__2025-11-01T18:02:54.514374+00:00 [running]> on host 51231d51eec1
[2025-11-01T18:08:18.249+0000] {taskinstance.py:2648} INFO - Exporting env vars: AIRFLOW_CTX_DAG_OWNER='airflow' AIRFLOW_CTX_DAG_ID='access_log_refresh_dag' AIRFLOW_CTX_TASK_ID='run_dbt_models' AIRFLOW_CTX_EXECUTION_DATE='2025-11-01T18:02:54.514374+00:00' AIRFLOW_CTX_TRY_NUMBER='2' AIRFLOW_CTX_DAG_RUN_ID='manual__2025-11-01T18:02:54.514374+00:00'
[2025-11-01T18:08:18.250+0000] {taskinstance.py:430} INFO - ::endgroup::
[2025-11-01T18:08:18.280+0000] {subprocess.py:63} INFO - Tmp dir root location: /tmp
[2025-11-01T18:08:18.282+0000] {subprocess.py:75} INFO - Running command: ['/usr/bin/bash', '-c', 'dbt run --project-dir /home/airflow/dbt_projects/access_log_project --profiles-dir /home/airflow/.dbt']
[2025-11-01T18:08:18.307+0000] {subprocess.py:86} INFO - Output:
[2025-11-01T18:08:23.203+0000] {subprocess.py:93} INFO - [0m18:08:23  Running with dbt=1.9.0
[2025-11-01T18:08:23.707+0000] {subprocess.py:93} INFO - [0m18:08:23  Registered adapter: postgres=1.9.0
[2025-11-01T18:08:24.337+0000] {subprocess.py:93} INFO - [0m18:08:24  [[33mWARNING[0m]: Configuration paths exist in your dbt_project.yml file which do not apply to any resources.
[2025-11-01T18:08:24.338+0000] {subprocess.py:93} INFO - There are 1 unused configuration paths:
[2025-11-01T18:08:24.338+0000] {subprocess.py:93} INFO - - models.access_log_project.example
[2025-11-01T18:08:24.621+0000] {subprocess.py:93} INFO - [0m18:08:24  Found 3 models, 1 source, 434 macros
[2025-11-01T18:08:24.625+0000] {subprocess.py:93} INFO - [0m18:08:24
[2025-11-01T18:08:24.627+0000] {subprocess.py:93} INFO - [0m18:08:24  Concurrency: 1 threads (target='dev')
[2025-11-01T18:08:24.628+0000] {subprocess.py:93} INFO - [0m18:08:24
[2025-11-01T18:08:24.888+0000] {subprocess.py:93} INFO - [0m18:08:24  1 of 3 START sql view model gold.agg_user_activity ............................. [RUN]
[2025-11-01T18:08:25.009+0000] {subprocess.py:93} INFO - [0m18:08:25  1 of 3 ERROR creating sql view model gold.agg_user_activity .................... [[31mERROR[0m in 0.12s]
[2025-11-01T18:08:25.014+0000] {subprocess.py:93} INFO - [0m18:08:25  2 of 3 START sql view model gold.stg_access_logs ............................... [RUN]
[2025-11-01T18:08:25.079+0000] {subprocess.py:93} INFO - [0m18:08:25  2 of 3 ERROR creating sql view model gold.stg_access_logs ...................... [[31mERROR[0m in 0.06s]
[2025-11-01T18:08:25.086+0000] {subprocess.py:93} INFO - [0m18:08:25  3 of 3 SKIP relation gold.suspicious_activity .................................. [[33mSKIP[0m]
[2025-11-01T18:08:25.119+0000] {subprocess.py:93} INFO - [0m18:08:25
[2025-11-01T18:08:25.120+0000] {subprocess.py:93} INFO - [0m18:08:25  Finished running 3 view models in 0 hours 0 minutes and 0.49 seconds (0.49s).
[2025-11-01T18:08:25.215+0000] {subprocess.py:93} INFO - [0m18:08:25
[2025-11-01T18:08:25.217+0000] {subprocess.py:93} INFO - [0m18:08:25  [31mCompleted with 2 errors, 0 partial successes, and 0 warnings:[0m
[2025-11-01T18:08:25.219+0000] {subprocess.py:93} INFO - [0m18:08:25
[2025-11-01T18:08:25.220+0000] {subprocess.py:93} INFO - [0m18:08:25    Database Error in model agg_user_activity (models/agg_user_activity.sql)
[2025-11-01T18:08:25.220+0000] {subprocess.py:93} INFO -   syntax error at or near ";"
[2025-11-01T18:08:25.221+0000] {subprocess.py:93} INFO -   LINE 20: FROM "access_log_analysis"."public"."access_logs";
[2025-11-01T18:08:25.221+0000] {subprocess.py:93} INFO -                                                             ^
[2025-11-01T18:08:25.222+0000] {subprocess.py:93} INFO -   compiled code at target/run/access_log_project/models/agg_user_activity.sql
[2025-11-01T18:08:25.222+0000] {subprocess.py:93} INFO - [0m18:08:25
[2025-11-01T18:08:25.223+0000] {subprocess.py:93} INFO - [0m18:08:25    Database Error in model stg_access_logs (models/stg_access_logs.sql)
[2025-11-01T18:08:25.223+0000] {subprocess.py:93} INFO -   syntax error at or near ";"
[2025-11-01T18:08:25.224+0000] {subprocess.py:93} INFO -   LINE 20: FROM "access_log_analysis"."public"."access_logs";
[2025-11-01T18:08:25.224+0000] {subprocess.py:93} INFO -                                                             ^
[2025-11-01T18:08:25.225+0000] {subprocess.py:93} INFO -   compiled code at target/run/access_log_project/models/stg_access_logs.sql
[2025-11-01T18:08:25.225+0000] {subprocess.py:93} INFO - [0m18:08:25
[2025-11-01T18:08:25.225+0000] {subprocess.py:93} INFO - [0m18:08:25  Done. PASS=0 WARN=0 ERROR=2 SKIP=1 TOTAL=3
[2025-11-01T18:08:30.156+0000] {subprocess.py:97} INFO - Command exited with return code 1
[2025-11-01T18:08:30.157+0000] {taskinstance.py:441} INFO - ::group::Post task execution logs
[2025-11-01T18:08:30.180+0000] {taskinstance.py:2905} ERROR - Task failed with exception
Traceback (most recent call last):
  File "/home/airflow/.local/lib/python3.12/site-packages/airflow/models/taskinstance.py", line 465, in _execute_task
    result = _execute_callable(context=context, **execute_callable_kwargs)
             ^^^^^^^^^^^^^^^^^^^^^^^^^^^^^^^^^^^^^^^^^^^^^^^^^^^^^^^^^^^^^
  File "/home/airflow/.local/lib/python3.12/site-packages/airflow/models/taskinstance.py", line 432, in _execute_callable
    return execute_callable(context=context, **execute_callable_kwargs)
           ^^^^^^^^^^^^^^^^^^^^^^^^^^^^^^^^^^^^^^^^^^^^^^^^^^^^^^^^^^^^
  File "/home/airflow/.local/lib/python3.12/site-packages/airflow/models/baseoperator.py", line 401, in wrapper
    return func(self, *args, **kwargs)
           ^^^^^^^^^^^^^^^^^^^^^^^^^^^
  File "/home/airflow/.local/lib/python3.12/site-packages/airflow/operators/bash.py", line 243, in execute
    raise AirflowException(
airflow.exceptions.AirflowException: Bash command failed. The command returned a non-zero exit code 1.
[2025-11-01T18:08:30.187+0000] {taskinstance.py:1206} INFO - Marking task as FAILED. dag_id=access_log_refresh_dag, task_id=run_dbt_models, run_id=manual__2025-11-01T18:02:54.514374+00:00, execution_date=20251101T180254, start_date=20251101T180817, end_date=20251101T180830
[2025-11-01T18:08:30.209+0000] {standard_task_runner.py:110} ERROR - Failed to execute job 8 for task run_dbt_models (Bash command failed. The command returned a non-zero exit code 1.; 239)
[2025-11-01T18:08:30.240+0000] {local_task_job_runner.py:243} INFO - Task exited with return code 1
[2025-11-01T18:08:30.271+0000] {taskinstance.py:3503} INFO - 0 downstream tasks scheduled from follow-on schedule check
[2025-11-01T18:08:30.276+0000] {local_task_job_runner.py:222} INFO - ::endgroup::
