[2025-11-01T13:00:05.588+0000] {local_task_job_runner.py:120} INFO - ::group::Pre task execution logs
[2025-11-01T13:00:05.688+0000] {taskinstance.py:2076} INFO - Dependencies all met for dep_context=non-requeueable deps ti=<TaskInstance: access_log_refresh_dag.load_access_logs manual__2025-11-01T12:54:57.224161+00:00 [queued]>
[2025-11-01T13:00:05.708+0000] {taskinstance.py:2076} INFO - Dependencies all met for dep_context=requeueable deps ti=<TaskInstance: access_log_refresh_dag.load_access_logs manual__2025-11-01T12:54:57.224161+00:00 [queued]>
[2025-11-01T13:00:05.709+0000] {taskinstance.py:2306} INFO - Starting attempt 2 of 2
[2025-11-01T13:00:05.745+0000] {taskinstance.py:2330} INFO - Executing <Task(PythonOperator): load_access_logs> on 2025-11-01 12:54:57.224161+00:00
[2025-11-01T13:00:05.763+0000] {standard_task_runner.py:90} INFO - Running: ['***', 'tasks', 'run', 'access_log_refresh_dag', 'load_access_logs', 'manual__2025-11-01T12:54:57.224161+00:00', '--job-id', '3', '--raw', '--subdir', 'DAGS_FOLDER/access_log_refresh_dag.py', '--cfg-path', '/tmp/tmp_i3l215x']
[2025-11-01T13:00:05.773+0000] {standard_task_runner.py:91} INFO - Job 3: Subtask load_access_logs
[2025-11-01T13:00:05.784+0000] {logging_mixin.py:188} WARNING - /home/***/.local/lib/python3.12/site-packages/***/task/task_runner/standard_task_runner.py:62 DeprecationWarning: This process (pid=248) is multi-threaded, use of fork() may lead to deadlocks in the child.
[2025-11-01T13:00:05.785+0000] {standard_task_runner.py:64} INFO - Started process 249 to run task
[2025-11-01T13:00:05.948+0000] {task_command.py:426} INFO - Running <TaskInstance: access_log_refresh_dag.load_access_logs manual__2025-11-01T12:54:57.224161+00:00 [running]> on host 61101422346d
[2025-11-01T13:00:06.218+0000] {taskinstance.py:2648} INFO - Exporting env vars: AIRFLOW_CTX_DAG_OWNER='***' AIRFLOW_CTX_DAG_ID='access_log_refresh_dag' AIRFLOW_CTX_TASK_ID='load_access_logs' AIRFLOW_CTX_EXECUTION_DATE='2025-11-01T12:54:57.224161+00:00' AIRFLOW_CTX_TRY_NUMBER='2' AIRFLOW_CTX_DAG_RUN_ID='manual__2025-11-01T12:54:57.224161+00:00'
[2025-11-01T13:00:06.219+0000] {taskinstance.py:430} INFO - ::endgroup::
[2025-11-01T13:00:08.877+0000] {taskinstance.py:441} INFO - ::group::Post task execution logs
[2025-11-01T13:00:08.878+0000] {taskinstance.py:2905} ERROR - Task failed with exception
Traceback (most recent call last):
  File "/home/airflow/.local/lib/python3.12/site-packages/airflow/models/taskinstance.py", line 465, in _execute_task
    result = _execute_callable(context=context, **execute_callable_kwargs)
             ^^^^^^^^^^^^^^^^^^^^^^^^^^^^^^^^^^^^^^^^^^^^^^^^^^^^^^^^^^^^^
  File "/home/airflow/.local/lib/python3.12/site-packages/airflow/models/taskinstance.py", line 432, in _execute_callable
    return execute_callable(context=context, **execute_callable_kwargs)
           ^^^^^^^^^^^^^^^^^^^^^^^^^^^^^^^^^^^^^^^^^^^^^^^^^^^^^^^^^^^^
  File "/home/airflow/.local/lib/python3.12/site-packages/airflow/models/baseoperator.py", line 401, in wrapper
    return func(self, *args, **kwargs)
           ^^^^^^^^^^^^^^^^^^^^^^^^^^^
  File "/home/airflow/.local/lib/python3.12/site-packages/airflow/operators/python.py", line 235, in execute
    return_value = self.execute_callable()
                   ^^^^^^^^^^^^^^^^^^^^^^^
  File "/home/airflow/.local/lib/python3.12/site-packages/airflow/operators/python.py", line 252, in execute_callable
    return self.python_callable(*self.op_args, **self.op_kwargs)
           ^^^^^^^^^^^^^^^^^^^^^^^^^^^^^^^^^^^^^^^^^^^^^^^^^^^^^
  File "/opt/airflow/dags/access_log_refresh_dag.py", line 16, in run_sqlalchemy_loader
    subprocess.run(["python3", "/opt/airflow/dags/load_access_logs_sqlalchemy.py"], check=True)
  File "/usr/local/lib/python3.12/subprocess.py", line 571, in run
    raise CalledProcessError(retcode, process.args,
subprocess.CalledProcessError: Command '['python3', '/opt/airflow/dags/load_access_logs_sqlalchemy.py']' returned non-zero exit status 1.
[2025-11-01T13:00:08.904+0000] {taskinstance.py:1206} INFO - Marking task as FAILED. dag_id=access_log_refresh_dag, task_id=load_access_logs, run_id=manual__2025-11-01T12:54:57.224161+00:00, execution_date=20251101T125457, start_date=20251101T130005, end_date=20251101T130008
[2025-11-01T13:00:08.927+0000] {standard_task_runner.py:110} ERROR - Failed to execute job 3 for task load_access_logs (Command '['python3', '/opt/airflow/dags/load_access_logs_sqlalchemy.py']' returned non-zero exit status 1.; 249)
[2025-11-01T13:00:08.946+0000] {local_task_job_runner.py:243} INFO - Task exited with return code 1
[2025-11-01T13:00:09.000+0000] {taskinstance.py:3503} INFO - 0 downstream tasks scheduled from follow-on schedule check
[2025-11-01T13:00:09.009+0000] {local_task_job_runner.py:222} INFO - ::endgroup::
