[2025-11-01T15:42:50.854+0000] {local_task_job_runner.py:120} INFO - ::group::Pre task execution logs
[2025-11-01T15:42:50.933+0000] {taskinstance.py:2076} INFO - Dependencies all met for dep_context=non-requeueable deps ti=<TaskInstance: access_log_refresh_dag.run_dbt_models manual__2025-11-01T15:37:36.731828+00:00 [queued]>
[2025-11-01T15:42:50.949+0000] {taskinstance.py:2076} INFO - Dependencies all met for dep_context=requeueable deps ti=<TaskInstance: access_log_refresh_dag.run_dbt_models manual__2025-11-01T15:37:36.731828+00:00 [queued]>
[2025-11-01T15:42:50.950+0000] {taskinstance.py:2306} INFO - Starting attempt 2 of 2
[2025-11-01T15:42:50.976+0000] {taskinstance.py:2330} INFO - Executing <Task(BashOperator): run_dbt_models> on 2025-11-01 15:37:36.731828+00:00
[2025-11-01T15:42:50.994+0000] {standard_task_runner.py:90} INFO - Running: ['airflow', 'tasks', 'run', 'access_log_refresh_dag', 'run_dbt_models', 'manual__2025-11-01T15:37:36.731828+00:00', '--job-id', '4', '--raw', '--subdir', 'DAGS_FOLDER/access_log_refresh_dag.py', '--cfg-path', '/tmp/tmpj5o_51xu']
[2025-11-01T15:42:51.000+0000] {standard_task_runner.py:91} INFO - Job 4: Subtask run_dbt_models
[2025-11-01T15:42:51.012+0000] {logging_mixin.py:188} WARNING - /home/airflow/.local/lib/python3.12/site-packages/airflow/task/task_runner/standard_task_runner.py:62 DeprecationWarning: This process (pid=257) is multi-threaded, use of fork() may lead to deadlocks in the child.
[2025-11-01T15:42:51.013+0000] {standard_task_runner.py:64} INFO - Started process 258 to run task
[2025-11-01T15:42:51.127+0000] {task_command.py:426} INFO - Running <TaskInstance: access_log_refresh_dag.run_dbt_models manual__2025-11-01T15:37:36.731828+00:00 [running]> on host d400d0dd903a
[2025-11-01T15:42:51.315+0000] {taskinstance.py:2648} INFO - Exporting env vars: AIRFLOW_CTX_DAG_OWNER='airflow' AIRFLOW_CTX_DAG_ID='access_log_refresh_dag' AIRFLOW_CTX_TASK_ID='run_dbt_models' AIRFLOW_CTX_EXECUTION_DATE='2025-11-01T15:37:36.731828+00:00' AIRFLOW_CTX_TRY_NUMBER='2' AIRFLOW_CTX_DAG_RUN_ID='manual__2025-11-01T15:37:36.731828+00:00'
[2025-11-01T15:42:51.317+0000] {taskinstance.py:430} INFO - ::endgroup::
[2025-11-01T15:42:51.340+0000] {subprocess.py:63} INFO - Tmp dir root location: /tmp
[2025-11-01T15:42:51.342+0000] {subprocess.py:75} INFO - Running command: ['/usr/bin/bash', '-c', 'dbt run --project-dir /home/airflow/dbt_projects/access_log_project --profiles-dir /home/airflow/.dbt']
[2025-11-01T15:42:51.357+0000] {subprocess.py:86} INFO - Output:
[2025-11-01T15:42:55.727+0000] {subprocess.py:93} INFO - [0m15:42:55  Running with dbt=1.9.0
[2025-11-01T15:42:55.729+0000] {subprocess.py:93} INFO - [0m15:42:55  Encountered an error:
[2025-11-01T15:42:55.729+0000] {subprocess.py:93} INFO - Runtime Error
[2025-11-01T15:42:55.730+0000] {subprocess.py:93} INFO -   dbt_project.yml does not parse to a dictionary
[2025-11-01T15:42:56.073+0000] {subprocess.py:97} INFO - Command exited with return code 2
[2025-11-01T15:42:56.075+0000] {taskinstance.py:441} INFO - ::group::Post task execution logs
[2025-11-01T15:42:56.104+0000] {taskinstance.py:2905} ERROR - Task failed with exception
Traceback (most recent call last):
  File "/home/airflow/.local/lib/python3.12/site-packages/airflow/models/taskinstance.py", line 465, in _execute_task
    result = _execute_callable(context=context, **execute_callable_kwargs)
             ^^^^^^^^^^^^^^^^^^^^^^^^^^^^^^^^^^^^^^^^^^^^^^^^^^^^^^^^^^^^^
  File "/home/airflow/.local/lib/python3.12/site-packages/airflow/models/taskinstance.py", line 432, in _execute_callable
    return execute_callable(context=context, **execute_callable_kwargs)
           ^^^^^^^^^^^^^^^^^^^^^^^^^^^^^^^^^^^^^^^^^^^^^^^^^^^^^^^^^^^^
  File "/home/airflow/.local/lib/python3.12/site-packages/airflow/models/baseoperator.py", line 401, in wrapper
    return func(self, *args, **kwargs)
           ^^^^^^^^^^^^^^^^^^^^^^^^^^^
  File "/home/airflow/.local/lib/python3.12/site-packages/airflow/operators/bash.py", line 243, in execute
    raise AirflowException(
airflow.exceptions.AirflowException: Bash command failed. The command returned a non-zero exit code 2.
[2025-11-01T15:42:56.116+0000] {taskinstance.py:1206} INFO - Marking task as FAILED. dag_id=access_log_refresh_dag, task_id=run_dbt_models, run_id=manual__2025-11-01T15:37:36.731828+00:00, execution_date=20251101T153736, start_date=20251101T154250, end_date=20251101T154256
[2025-11-01T15:42:56.143+0000] {standard_task_runner.py:110} ERROR - Failed to execute job 4 for task run_dbt_models (Bash command failed. The command returned a non-zero exit code 2.; 258)
[2025-11-01T15:42:56.170+0000] {local_task_job_runner.py:243} INFO - Task exited with return code 1
[2025-11-01T15:42:56.200+0000] {taskinstance.py:3503} INFO - 0 downstream tasks scheduled from follow-on schedule check
[2025-11-01T15:42:56.205+0000] {local_task_job_runner.py:222} INFO - ::endgroup::
