[2025-11-01T18:26:30.221+0000] {local_task_job_runner.py:120} INFO - ::group::Pre task execution logs
[2025-11-01T18:26:30.295+0000] {taskinstance.py:2076} INFO - Dependencies all met for dep_context=non-requeueable deps ti=<TaskInstance: access_log_refresh_dag.run_dbt_models manual__2025-11-01T18:26:25.826692+00:00 [queued]>
[2025-11-01T18:26:30.310+0000] {taskinstance.py:2076} INFO - Dependencies all met for dep_context=requeueable deps ti=<TaskInstance: access_log_refresh_dag.run_dbt_models manual__2025-11-01T18:26:25.826692+00:00 [queued]>
[2025-11-01T18:26:30.311+0000] {taskinstance.py:2306} INFO - Starting attempt 1 of 2
[2025-11-01T18:26:30.337+0000] {taskinstance.py:2330} INFO - Executing <Task(BashOperator): run_dbt_models> on 2025-11-01 18:26:25.826692+00:00
[2025-11-01T18:26:30.352+0000] {standard_task_runner.py:90} INFO - Running: ['airflow', 'tasks', 'run', 'access_log_refresh_dag', 'run_dbt_models', 'manual__2025-11-01T18:26:25.826692+00:00', '--job-id', '16', '--raw', '--subdir', 'DAGS_FOLDER/access_log_refresh_dag.py', '--cfg-path', '/tmp/tmpc12in5zw']
[2025-11-01T18:26:30.358+0000] {standard_task_runner.py:91} INFO - Job 16: Subtask run_dbt_models
[2025-11-01T18:26:30.362+0000] {logging_mixin.py:188} WARNING - /home/airflow/.local/lib/python3.12/site-packages/airflow/task/task_runner/standard_task_runner.py:62 DeprecationWarning: This process (pid=240) is multi-threaded, use of fork() may lead to deadlocks in the child.
[2025-11-01T18:26:30.363+0000] {standard_task_runner.py:64} INFO - Started process 241 to run task
[2025-11-01T18:26:30.464+0000] {task_command.py:426} INFO - Running <TaskInstance: access_log_refresh_dag.run_dbt_models manual__2025-11-01T18:26:25.826692+00:00 [running]> on host 51231d51eec1
[2025-11-01T18:26:30.665+0000] {taskinstance.py:2648} INFO - Exporting env vars: AIRFLOW_CTX_DAG_OWNER='airflow' AIRFLOW_CTX_DAG_ID='access_log_refresh_dag' AIRFLOW_CTX_TASK_ID='run_dbt_models' AIRFLOW_CTX_EXECUTION_DATE='2025-11-01T18:26:25.826692+00:00' AIRFLOW_CTX_TRY_NUMBER='1' AIRFLOW_CTX_DAG_RUN_ID='manual__2025-11-01T18:26:25.826692+00:00'
[2025-11-01T18:26:30.666+0000] {taskinstance.py:430} INFO - ::endgroup::
[2025-11-01T18:26:30.692+0000] {subprocess.py:63} INFO - Tmp dir root location: /tmp
[2025-11-01T18:26:30.693+0000] {subprocess.py:75} INFO - Running command: ['/usr/bin/bash', '-c', 'dbt run --project-dir /home/airflow/dbt_projects/access_log_project --profiles-dir /home/airflow/.dbt']
[2025-11-01T18:26:30.710+0000] {subprocess.py:86} INFO - Output:
[2025-11-01T18:26:35.929+0000] {subprocess.py:93} INFO - [0m18:26:35  Running with dbt=1.9.0
[2025-11-01T18:26:36.443+0000] {subprocess.py:93} INFO - [0m18:26:36  Registered adapter: postgres=1.9.0
[2025-11-01T18:26:37.141+0000] {subprocess.py:93} INFO - [0m18:26:37  [[33mWARNING[0m]: Configuration paths exist in your dbt_project.yml file which do not apply to any resources.
[2025-11-01T18:26:37.142+0000] {subprocess.py:93} INFO - There are 1 unused configuration paths:
[2025-11-01T18:26:37.142+0000] {subprocess.py:93} INFO - - models.access_log_project.example
[2025-11-01T18:26:37.408+0000] {subprocess.py:93} INFO - [0m18:26:37  Encountered an error:
[2025-11-01T18:26:37.408+0000] {subprocess.py:93} INFO - Found a cycle: model.access_log_project.stg_access_logs
[2025-11-01T18:26:37.411+0000] {subprocess.py:93} INFO - [0m18:26:37  Traceback (most recent call last):
[2025-11-01T18:26:37.412+0000] {subprocess.py:93} INFO -   File "/home/airflow/.local/lib/python3.12/site-packages/dbt/cli/requires.py", line 153, in wrapper
[2025-11-01T18:26:37.412+0000] {subprocess.py:93} INFO -     result, success = func(*args, **kwargs)
[2025-11-01T18:26:37.413+0000] {subprocess.py:93} INFO -                       ^^^^^^^^^^^^^^^^^^^^^
[2025-11-01T18:26:37.413+0000] {subprocess.py:93} INFO -   File "/home/airflow/.local/lib/python3.12/site-packages/dbt/cli/requires.py", line 103, in wrapper
[2025-11-01T18:26:37.414+0000] {subprocess.py:93} INFO -     return func(*args, **kwargs)
[2025-11-01T18:26:37.415+0000] {subprocess.py:93} INFO -            ^^^^^^^^^^^^^^^^^^^^^
[2025-11-01T18:26:37.415+0000] {subprocess.py:93} INFO -   File "/home/airflow/.local/lib/python3.12/site-packages/dbt/cli/requires.py", line 235, in wrapper
[2025-11-01T18:26:37.416+0000] {subprocess.py:93} INFO -     return func(*args, **kwargs)
[2025-11-01T18:26:37.418+0000] {subprocess.py:93} INFO -            ^^^^^^^^^^^^^^^^^^^^^
[2025-11-01T18:26:37.418+0000] {subprocess.py:93} INFO -   File "/home/airflow/.local/lib/python3.12/site-packages/dbt/cli/requires.py", line 264, in wrapper
[2025-11-01T18:26:37.419+0000] {subprocess.py:93} INFO -     return func(*args, **kwargs)
[2025-11-01T18:26:37.419+0000] {subprocess.py:93} INFO -            ^^^^^^^^^^^^^^^^^^^^^
[2025-11-01T18:26:37.419+0000] {subprocess.py:93} INFO -   File "/home/airflow/.local/lib/python3.12/site-packages/dbt/cli/requires.py", line 311, in wrapper
[2025-11-01T18:26:37.420+0000] {subprocess.py:93} INFO -     return func(*args, **kwargs)
[2025-11-01T18:26:37.420+0000] {subprocess.py:93} INFO -            ^^^^^^^^^^^^^^^^^^^^^
[2025-11-01T18:26:37.421+0000] {subprocess.py:93} INFO -   File "/home/airflow/.local/lib/python3.12/site-packages/dbt/cli/requires.py", line 328, in wrapper
[2025-11-01T18:26:37.421+0000] {subprocess.py:93} INFO -     return func(*args, **kwargs)
[2025-11-01T18:26:37.421+0000] {subprocess.py:93} INFO -            ^^^^^^^^^^^^^^^^^^^^^
[2025-11-01T18:26:37.422+0000] {subprocess.py:93} INFO -   File "/home/airflow/.local/lib/python3.12/site-packages/dbt/cli/main.py", line 578, in run
[2025-11-01T18:26:37.422+0000] {subprocess.py:93} INFO -     results = task.run()
[2025-11-01T18:26:37.422+0000] {subprocess.py:93} INFO -               ^^^^^^^^^^
[2025-11-01T18:26:37.423+0000] {subprocess.py:93} INFO -   File "/home/airflow/.local/lib/python3.12/site-packages/dbt/task/runnable.py", line 572, in run
[2025-11-01T18:26:37.423+0000] {subprocess.py:93} INFO -     self._runtime_initialize()
[2025-11-01T18:26:37.424+0000] {subprocess.py:93} INFO -   File "/home/airflow/.local/lib/python3.12/site-packages/dbt/task/compile.py", line 133, in _runtime_initialize
[2025-11-01T18:26:37.424+0000] {subprocess.py:93} INFO -     super()._runtime_initialize()
[2025-11-01T18:26:37.424+0000] {subprocess.py:93} INFO -   File "/home/airflow/.local/lib/python3.12/site-packages/dbt/task/runnable.py", line 170, in _runtime_initialize
[2025-11-01T18:26:37.425+0000] {subprocess.py:93} INFO -     self.compile_manifest()
[2025-11-01T18:26:37.425+0000] {subprocess.py:93} INFO -   File "/home/airflow/.local/lib/python3.12/site-packages/dbt/task/base.py", line 134, in compile_manifest
[2025-11-01T18:26:37.425+0000] {subprocess.py:93} INFO -     self.graph = self.compiler.compile(self.manifest)
[2025-11-01T18:26:37.426+0000] {subprocess.py:93} INFO -                  ^^^^^^^^^^^^^^^^^^^^^^^^^^^^^^^^^^^^
[2025-11-01T18:26:37.426+0000] {subprocess.py:93} INFO -   File "/home/airflow/.local/lib/python3.12/site-packages/dbt/compilation.py", line 475, in compile
[2025-11-01T18:26:37.426+0000] {subprocess.py:93} INFO -     linker.link_graph(manifest)
[2025-11-01T18:26:37.427+0000] {subprocess.py:93} INFO -   File "/home/airflow/.local/lib/python3.12/site-packages/dbt/compilation.py", line 195, in link_graph
[2025-11-01T18:26:37.427+0000] {subprocess.py:93} INFO -     raise RuntimeError("Found a cycle: {}".format(cycle))
[2025-11-01T18:26:37.428+0000] {subprocess.py:93} INFO - RuntimeError: Found a cycle: model.access_log_project.stg_access_logs
[2025-11-01T18:26:37.428+0000] {subprocess.py:93} INFO - 
[2025-11-01T18:26:39.714+0000] {subprocess.py:97} INFO - Command exited with return code 2
[2025-11-01T18:26:39.715+0000] {taskinstance.py:441} INFO - ::group::Post task execution logs
[2025-11-01T18:26:39.739+0000] {taskinstance.py:2905} ERROR - Task failed with exception
Traceback (most recent call last):
  File "/home/airflow/.local/lib/python3.12/site-packages/airflow/models/taskinstance.py", line 465, in _execute_task
    result = _execute_callable(context=context, **execute_callable_kwargs)
             ^^^^^^^^^^^^^^^^^^^^^^^^^^^^^^^^^^^^^^^^^^^^^^^^^^^^^^^^^^^^^
  File "/home/airflow/.local/lib/python3.12/site-packages/airflow/models/taskinstance.py", line 432, in _execute_callable
    return execute_callable(context=context, **execute_callable_kwargs)
           ^^^^^^^^^^^^^^^^^^^^^^^^^^^^^^^^^^^^^^^^^^^^^^^^^^^^^^^^^^^^
  File "/home/airflow/.local/lib/python3.12/site-packages/airflow/models/baseoperator.py", line 401, in wrapper
    return func(self, *args, **kwargs)
           ^^^^^^^^^^^^^^^^^^^^^^^^^^^
  File "/home/airflow/.local/lib/python3.12/site-packages/airflow/operators/bash.py", line 243, in execute
    raise AirflowException(
airflow.exceptions.AirflowException: Bash command failed. The command returned a non-zero exit code 2.
[2025-11-01T18:26:39.747+0000] {taskinstance.py:1206} INFO - Marking task as UP_FOR_RETRY. dag_id=access_log_refresh_dag, task_id=run_dbt_models, run_id=manual__2025-11-01T18:26:25.826692+00:00, execution_date=20251101T182625, start_date=20251101T182630, end_date=20251101T182639
[2025-11-01T18:26:39.771+0000] {standard_task_runner.py:110} ERROR - Failed to execute job 16 for task run_dbt_models (Bash command failed. The command returned a non-zero exit code 2.; 241)
[2025-11-01T18:26:39.813+0000] {local_task_job_runner.py:243} INFO - Task exited with return code 1
[2025-11-01T18:26:39.848+0000] {taskinstance.py:3503} INFO - 0 downstream tasks scheduled from follow-on schedule check
[2025-11-01T18:26:39.851+0000] {local_task_job_runner.py:222} INFO - ::endgroup::
