[2025-11-01T16:55:43.709+0000] {local_task_job_runner.py:120} INFO - ::group::Pre task execution logs
[2025-11-01T16:55:43.814+0000] {taskinstance.py:2076} INFO - Dependencies all met for dep_context=non-requeueable deps ti=<TaskInstance: access_log_refresh_dag.load_access_logs manual__2025-11-01T16:50:37.214295+00:00 [queued]>
[2025-11-01T16:55:43.831+0000] {taskinstance.py:2076} INFO - Dependencies all met for dep_context=requeueable deps ti=<TaskInstance: access_log_refresh_dag.load_access_logs manual__2025-11-01T16:50:37.214295+00:00 [queued]>
[2025-11-01T16:55:43.832+0000] {taskinstance.py:2306} INFO - Starting attempt 2 of 2
[2025-11-01T16:55:43.868+0000] {taskinstance.py:2330} INFO - Executing <Task(PythonOperator): load_access_logs> on 2025-11-01 16:50:37.214295+00:00
[2025-11-01T16:55:43.884+0000] {standard_task_runner.py:90} INFO - Running: ['airflow', 'tasks', 'run', 'access_log_refresh_dag', 'load_access_logs', 'manual__2025-11-01T16:50:37.214295+00:00', '--job-id', '21', '--raw', '--subdir', 'DAGS_FOLDER/access_log_refresh_dag.py', '--cfg-path', '/tmp/tmpt92s158u']
[2025-11-01T16:55:43.890+0000] {standard_task_runner.py:91} INFO - Job 21: Subtask load_access_logs
[2025-11-01T16:55:43.903+0000] {logging_mixin.py:188} WARNING - /home/airflow/.local/lib/python3.12/site-packages/airflow/task/task_runner/standard_task_runner.py:62 DeprecationWarning: This process (pid=373) is multi-threaded, use of fork() may lead to deadlocks in the child.
[2025-11-01T16:55:43.905+0000] {standard_task_runner.py:64} INFO - Started process 374 to run task
[2025-11-01T16:55:44.020+0000] {task_command.py:426} INFO - Running <TaskInstance: access_log_refresh_dag.load_access_logs manual__2025-11-01T16:50:37.214295+00:00 [running]> on host b569c396156d
[2025-11-01T16:55:44.247+0000] {taskinstance.py:2648} INFO - Exporting env vars: AIRFLOW_CTX_DAG_OWNER='airflow' AIRFLOW_CTX_DAG_ID='access_log_refresh_dag' AIRFLOW_CTX_TASK_ID='load_access_logs' AIRFLOW_CTX_EXECUTION_DATE='2025-11-01T16:50:37.214295+00:00' AIRFLOW_CTX_TRY_NUMBER='2' AIRFLOW_CTX_DAG_RUN_ID='manual__2025-11-01T16:50:37.214295+00:00'
[2025-11-01T16:55:44.249+0000] {taskinstance.py:430} INFO - ::endgroup::
[2025-11-01T16:55:45.498+0000] {logging_mixin.py:188} INFO - âœ… Table created or exists.
[2025-11-01T16:55:45.619+0000] {taskinstance.py:441} INFO - ::group::Post task execution logs
[2025-11-01T16:55:45.620+0000] {taskinstance.py:2905} ERROR - Task failed with exception
Traceback (most recent call last):
  File "/home/airflow/.local/lib/python3.12/site-packages/sqlalchemy/engine/base.py", line 1890, in _execute_context
    self.dialect.do_executemany(
  File "/home/airflow/.local/lib/python3.12/site-packages/sqlalchemy/dialects/postgresql/psycopg2.py", line 982, in do_executemany
    context._psycopg2_fetched_rows = xtras.execute_values(
                                     ^^^^^^^^^^^^^^^^^^^^^
  File "/home/airflow/.local/lib/python3.12/site-packages/psycopg2/extras.py", line 1299, in execute_values
    cur.execute(b''.join(parts))
psycopg2.errors.UniqueViolation: duplicate key value violates unique constraint "access_logs_pkey"
DETAIL:  Key (log_id)=(1) already exists.


The above exception was the direct cause of the following exception:

Traceback (most recent call last):
  File "/home/airflow/.local/lib/python3.12/site-packages/airflow/models/taskinstance.py", line 465, in _execute_task
    result = _execute_callable(context=context, **execute_callable_kwargs)
             ^^^^^^^^^^^^^^^^^^^^^^^^^^^^^^^^^^^^^^^^^^^^^^^^^^^^^^^^^^^^^
  File "/home/airflow/.local/lib/python3.12/site-packages/airflow/models/taskinstance.py", line 432, in _execute_callable
    return execute_callable(context=context, **execute_callable_kwargs)
           ^^^^^^^^^^^^^^^^^^^^^^^^^^^^^^^^^^^^^^^^^^^^^^^^^^^^^^^^^^^^
  File "/home/airflow/.local/lib/python3.12/site-packages/airflow/models/baseoperator.py", line 401, in wrapper
    return func(self, *args, **kwargs)
           ^^^^^^^^^^^^^^^^^^^^^^^^^^^
  File "/home/airflow/.local/lib/python3.12/site-packages/airflow/operators/python.py", line 235, in execute
    return_value = self.execute_callable()
                   ^^^^^^^^^^^^^^^^^^^^^^^
  File "/home/airflow/.local/lib/python3.12/site-packages/airflow/operators/python.py", line 252, in execute_callable
    return self.python_callable(*self.op_args, **self.op_kwargs)
           ^^^^^^^^^^^^^^^^^^^^^^^^^^^^^^^^^^^^^^^^^^^^^^^^^^^^^
  File "/opt/airflow/dags/access_log_refresh_dag.py", line 52, in run_sqlalchemy_loader
    df.to_sql("access_logs", engine, if_exists="append", index=False)
  File "/home/airflow/.local/lib/python3.12/site-packages/pandas/util/_decorators.py", line 333, in wrapper
    return func(*args, **kwargs)
           ^^^^^^^^^^^^^^^^^^^^^
  File "/home/airflow/.local/lib/python3.12/site-packages/pandas/core/generic.py", line 3008, in to_sql
    return sql.to_sql(
           ^^^^^^^^^^^
  File "/home/airflow/.local/lib/python3.12/site-packages/pandas/io/sql.py", line 788, in to_sql
    return pandas_sql.to_sql(
           ^^^^^^^^^^^^^^^^^^
  File "/home/airflow/.local/lib/python3.12/site-packages/pandas/io/sql.py", line 1958, in to_sql
    total_inserted = sql_engine.insert_records(
                     ^^^^^^^^^^^^^^^^^^^^^^^^^^
  File "/home/airflow/.local/lib/python3.12/site-packages/pandas/io/sql.py", line 1507, in insert_records
    raise err
  File "/home/airflow/.local/lib/python3.12/site-packages/pandas/io/sql.py", line 1498, in insert_records
    return table.insert(chunksize=chunksize, method=method)
           ^^^^^^^^^^^^^^^^^^^^^^^^^^^^^^^^^^^^^^^^^^^^^^^^
  File "/home/airflow/.local/lib/python3.12/site-packages/pandas/io/sql.py", line 1059, in insert
    num_inserted = exec_insert(conn, keys, chunk_iter)
                   ^^^^^^^^^^^^^^^^^^^^^^^^^^^^^^^^^^^
  File "/home/airflow/.local/lib/python3.12/site-packages/pandas/io/sql.py", line 951, in _execute_insert
    result = conn.execute(self.table.insert(), data)
             ^^^^^^^^^^^^^^^^^^^^^^^^^^^^^^^^^^^^^^^
  File "/home/airflow/.local/lib/python3.12/site-packages/sqlalchemy/engine/base.py", line 1385, in execute
    return meth(self, multiparams, params, _EMPTY_EXECUTION_OPTS)
           ^^^^^^^^^^^^^^^^^^^^^^^^^^^^^^^^^^^^^^^^^^^^^^^^^^^^^^
  File "/home/airflow/.local/lib/python3.12/site-packages/sqlalchemy/sql/elements.py", line 334, in _execute_on_connection
    return connection._execute_clauseelement(
           ^^^^^^^^^^^^^^^^^^^^^^^^^^^^^^^^^^
  File "/home/airflow/.local/lib/python3.12/site-packages/sqlalchemy/engine/base.py", line 1577, in _execute_clauseelement
    ret = self._execute_context(
          ^^^^^^^^^^^^^^^^^^^^^^
  File "/home/airflow/.local/lib/python3.12/site-packages/sqlalchemy/engine/base.py", line 1953, in _execute_context
    self._handle_dbapi_exception(
  File "/home/airflow/.local/lib/python3.12/site-packages/sqlalchemy/engine/base.py", line 2134, in _handle_dbapi_exception
    util.raise_(
  File "/home/airflow/.local/lib/python3.12/site-packages/sqlalchemy/util/compat.py", line 211, in raise_
    raise exception
  File "/home/airflow/.local/lib/python3.12/site-packages/sqlalchemy/engine/base.py", line 1890, in _execute_context
    self.dialect.do_executemany(
  File "/home/airflow/.local/lib/python3.12/site-packages/sqlalchemy/dialects/postgresql/psycopg2.py", line 982, in do_executemany
    context._psycopg2_fetched_rows = xtras.execute_values(
                                     ^^^^^^^^^^^^^^^^^^^^^
  File "/home/airflow/.local/lib/python3.12/site-packages/psycopg2/extras.py", line 1299, in execute_values
    cur.execute(b''.join(parts))
sqlalchemy.exc.IntegrityError: (psycopg2.errors.UniqueViolation) duplicate key value violates unique constraint "access_logs_pkey"
DETAIL:  Key (log_id)=(1) already exists.

[SQL: INSERT INTO access_logs (log_id, user_id, username, login_time, logout_time, ip_address, device_type, status, branch_name, role) VALUES (%(log_id)s, %(user_id)s, %(username)s, %(login_time)s, %(logout_time)s, %(ip_address)s, %(device_type)s, %(status)s, %(branch_name)s, %(role)s)]
[parameters: ({'log_id': 1, 'user_id': 181, 'username': 'stephen10', 'login_time': '2025-02-27 08:47:17', 'logout_time': '2025-02-27 11:47:17', 'ip_address': '14.136.199.1', 'device_type': 'Desktop', 'status': 'SUCCESS', 'branch_name': 'Ibadan', 'role': 'Teller'}, {'log_id': 2, 'user_id': 175, 'username': 'caseyjones', 'login_time': '2025-08-05 08:01:05', 'logout_time': '2025-08-05 09:01:05', 'ip_address': '50.236.3.200', 'device_type': 'Desktop', 'status': 'SUCCESS', 'branch_name': 'Ibadan', 'role': 'Security'}, {'log_id': 3, 'user_id': 128, 'username': 'jeffrey28', 'login_time': '2025-08-18 17:17:51', 'logout_time': '2025-08-18 20:17:51', 'ip_address': '2.196.113.186', 'device_type': 'Mobile', 'status': 'SUCCESS', 'branch_name': 'Lagos', 'role': 'IT'}, {'log_id': 4, 'user_id': 119, 'username': 'amandasanchez', 'login_time': '2025-04-21 13:06:05', 'logout_time': '2025-04-21 19:06:05', 'ip_address': '56.67.234.143', 'device_type': 'Mobile', 'status': 'SUCCESS', 'branch_name': 'Port Harcourt', 'role': 'IT'}, {'log_id': 5, 'user_id': 203, 'username': 'theresacochran', 'login_time': '2025-01-23 15:34:07', 'logout_time': None, 'ip_address': '139.35.67.145', 'device_type': 'Mobile', 'status': 'FAILED', 'branch_name': 'Gusau', 'role': 'IT'}, {'log_id': 6, 'user_id': 206, 'username': 'erik16', 'login_time': '2025-11-18 17:56:55', 'logout_time': '2025-11-18 21:56:55', 'ip_address': '147.66.195.70', 'device_type': 'Desktop', 'status': 'SUCCESS', 'branch_name': 'Gusau', 'role': 'Ops'}, {'log_id': 7, 'user_id': 198, 'username': 'russellwilliams', 'login_time': '2025-05-29 09:54:14', 'logout_time': '2025-05-29 16:54:14', 'ip_address': '32.6.166.162', 'device_type': 'Mobile', 'status': 'SUCCESS', 'branch_name': 'Abuja', 'role': 'IT'}, {'log_id': 8, 'user_id': 120, 'username': 'ogray', 'login_time': '2025-07-09 13:13:42', 'logout_time': '2025-07-09 15:13:42', 'ip_address': '45.115.162.16', 'device_type': 'Desktop', 'status': 'SUCCESS', 'branch_name': 'Port Harcourt', 'role': 'Ops'}  ... displaying 10 of 998 total bound parameter sets ...  {'log_id': 997, 'user_id': 216, 'username': 'mlam', 'login_time': '2025-10-19 15:29:29', 'logout_time': '2025-10-19 17:29:29', 'ip_address': '10.143.234.118', 'device_type': 'Mobile', 'status': 'SUCCESS', 'branch_name': 'Ibadan', 'role': 'Security'}, {'log_id': 998, 'user_id': 144, 'username': 'davidalvarez', 'login_time': '2025-12-25 12:25:39', 'logout_time': '2025-12-25 15:25:39', 'ip_address': '59.73.162.205', 'device_type': 'Mobile', 'status': 'SUCCESS', 'branch_name': 'Kano', 'role': 'Ops'})]
(Background on this error at: https://sqlalche.me/e/14/gkpj)
[2025-11-01T16:55:45.657+0000] {taskinstance.py:1206} INFO - Marking task as FAILED. dag_id=access_log_refresh_dag, task_id=load_access_logs, run_id=manual__2025-11-01T16:50:37.214295+00:00, execution_date=20251101T165037, start_date=20251101T165543, end_date=20251101T165545
[2025-11-01T16:55:45.697+0000] {standard_task_runner.py:110} ERROR - Failed to execute job 21 for task load_access_logs ((psycopg2.errors.UniqueViolation) duplicate key value violates unique constraint "access_logs_pkey"
DETAIL:  Key (log_id)=(1) already exists.

[SQL: INSERT INTO access_logs (log_id, user_id, username, login_time, logout_time, ip_address, device_type, status, branch_name, role) VALUES (%(log_id)s, %(user_id)s, %(username)s, %(login_time)s, %(logout_time)s, %(ip_address)s, %(device_type)s, %(status)s, %(branch_name)s, %(role)s)]
[parameters: ({'log_id': 1, 'user_id': 181, 'username': 'stephen10', 'login_time': '2025-02-27 08:47:17', 'logout_time': '2025-02-27 11:47:17', 'ip_address': '14.136.199.1', 'device_type': 'Desktop', 'status': 'SUCCESS', 'branch_name': 'Ibadan', 'role': 'Teller'}, {'log_id': 2, 'user_id': 175, 'username': 'caseyjones', 'login_time': '2025-08-05 08:01:05', 'logout_time': '2025-08-05 09:01:05', 'ip_address': '50.236.3.200', 'device_type': 'Desktop', 'status': 'SUCCESS', 'branch_name': 'Ibadan', 'role': 'Security'}, {'log_id': 3, 'user_id': 128, 'username': 'jeffrey28', 'login_time': '2025-08-18 17:17:51', 'logout_time': '2025-08-18 20:17:51', 'ip_address': '2.196.113.186', 'device_type': 'Mobile', 'status': 'SUCCESS', 'branch_name': 'Lagos', 'role': 'IT'}, {'log_id': 4, 'user_id': 119, 'username': 'amandasanchez', 'login_time': '2025-04-21 13:06:05', 'logout_time': '2025-04-21 19:06:05', 'ip_address': '56.67.234.143', 'device_type': 'Mobile', 'status': 'SUCCESS', 'branch_name': 'Port Harcourt', 'role': 'IT'}, {'log_id': 5, 'user_id': 203, 'username': 'theresacochran', 'login_time': '2025-01-23 15:34:07', 'logout_time': None, 'ip_address': '139.35.67.145', 'device_type': 'Mobile', 'status': 'FAILED', 'branch_name': 'Gusau', 'role': 'IT'}, {'log_id': 6, 'user_id': 206, 'username': 'erik16', 'login_time': '2025-11-18 17:56:55', 'logout_time': '2025-11-18 21:56:55', 'ip_address': '147.66.195.70', 'device_type': 'Desktop', 'status': 'SUCCESS', 'branch_name': 'Gusau', 'role': 'Ops'}, {'log_id': 7, 'user_id': 198, 'username': 'russellwilliams', 'login_time': '2025-05-29 09:54:14', 'logout_time': '2025-05-29 16:54:14', 'ip_address': '32.6.166.162', 'device_type': 'Mobile', 'status': 'SUCCESS', 'branch_name': 'Abuja', 'role': 'IT'}, {'log_id': 8, 'user_id': 120, 'username': 'ogray', 'login_time': '2025-07-09 13:13:42', 'logout_time': '2025-07-09 15:13:42', 'ip_address': '45.115.162.16', 'device_type': 'Desktop', 'status': 'SUCCESS', 'branch_name': 'Port Harcourt', 'role': 'Ops'}  ... displaying 10 of 998 total bound parameter sets ...  {'log_id': 997, 'user_id': 216, 'username': 'mlam', 'login_time': '2025-10-19 15:29:29', 'logout_time': '2025-10-19 17:29:29', 'ip_address': '10.143.234.118', 'device_type': 'Mobile', 'status': 'SUCCESS', 'branch_name': 'Ibadan', 'role': 'Security'}, {'log_id': 998, 'user_id': 144, 'username': 'davidalvarez', 'login_time': '2025-12-25 12:25:39', 'logout_time': '2025-12-25 15:25:39', 'ip_address': '59.73.162.205', 'device_type': 'Mobile', 'status': 'SUCCESS', 'branch_name': 'Kano', 'role': 'Ops'})]
(Background on this error at: https://sqlalche.me/e/14/gkpj); 374)
[2025-11-01T16:55:45.773+0000] {local_task_job_runner.py:243} INFO - Task exited with return code 1
[2025-11-01T16:55:45.839+0000] {taskinstance.py:3503} INFO - 0 downstream tasks scheduled from follow-on schedule check
[2025-11-01T16:55:45.853+0000] {local_task_job_runner.py:222} INFO - ::endgroup::
