[2025-11-01T14:52:50.904+0000] {local_task_job_runner.py:120} INFO - ::group::Pre task execution logs
[2025-11-01T14:52:50.981+0000] {taskinstance.py:2076} INFO - Dependencies all met for dep_context=non-requeueable deps ti=<TaskInstance: access_log_refresh_dag.run_dbt_models manual__2025-11-01T14:47:36.659380+00:00 [queued]>
[2025-11-01T14:52:50.998+0000] {taskinstance.py:2076} INFO - Dependencies all met for dep_context=requeueable deps ti=<TaskInstance: access_log_refresh_dag.run_dbt_models manual__2025-11-01T14:47:36.659380+00:00 [queued]>
[2025-11-01T14:52:50.999+0000] {taskinstance.py:2306} INFO - Starting attempt 2 of 2
[2025-11-01T14:52:51.026+0000] {taskinstance.py:2330} INFO - Executing <Task(BashOperator): run_dbt_models> on 2025-11-01 14:47:36.659380+00:00
[2025-11-01T14:52:51.044+0000] {standard_task_runner.py:90} INFO - Running: ['airflow', 'tasks', 'run', 'access_log_refresh_dag', 'run_dbt_models', 'manual__2025-11-01T14:47:36.659380+00:00', '--job-id', '4', '--raw', '--subdir', 'DAGS_FOLDER/access_log_refresh_dag.py', '--cfg-path', '/tmp/tmpb5kf7bgf']
[2025-11-01T14:52:51.050+0000] {standard_task_runner.py:91} INFO - Job 4: Subtask run_dbt_models
[2025-11-01T14:52:51.065+0000] {logging_mixin.py:188} WARNING - /home/airflow/.local/lib/python3.12/site-packages/airflow/task/task_runner/standard_task_runner.py:62 DeprecationWarning: This process (pid=253) is multi-threaded, use of fork() may lead to deadlocks in the child.
[2025-11-01T14:52:51.066+0000] {standard_task_runner.py:64} INFO - Started process 254 to run task
[2025-11-01T14:52:51.170+0000] {task_command.py:426} INFO - Running <TaskInstance: access_log_refresh_dag.run_dbt_models manual__2025-11-01T14:47:36.659380+00:00 [running]> on host 87d3ad5e0c2d
[2025-11-01T14:52:51.367+0000] {taskinstance.py:2648} INFO - Exporting env vars: AIRFLOW_CTX_DAG_OWNER='airflow' AIRFLOW_CTX_DAG_ID='access_log_refresh_dag' AIRFLOW_CTX_TASK_ID='run_dbt_models' AIRFLOW_CTX_EXECUTION_DATE='2025-11-01T14:47:36.659380+00:00' AIRFLOW_CTX_TRY_NUMBER='2' AIRFLOW_CTX_DAG_RUN_ID='manual__2025-11-01T14:47:36.659380+00:00'
[2025-11-01T14:52:51.369+0000] {taskinstance.py:430} INFO - ::endgroup::
[2025-11-01T14:52:51.393+0000] {subprocess.py:63} INFO - Tmp dir root location: /tmp
[2025-11-01T14:52:51.395+0000] {subprocess.py:75} INFO - Running command: ['/usr/bin/bash', '-c', 'dbt run --project-dir /opt/airflow/dbt']
[2025-11-01T14:52:51.410+0000] {subprocess.py:86} INFO - Output:
[2025-11-01T14:52:55.766+0000] {subprocess.py:93} INFO - Usage: dbt run [OPTIONS]
[2025-11-01T14:52:55.766+0000] {subprocess.py:93} INFO - Try 'dbt run -h' for help.
[2025-11-01T14:52:55.767+0000] {subprocess.py:93} INFO - 
[2025-11-01T14:52:55.767+0000] {subprocess.py:93} INFO - Error: Invalid value for '--project-dir': Path '/opt/airflow/dbt' does not exist.
[2025-11-01T14:52:56.094+0000] {subprocess.py:97} INFO - Command exited with return code 2
[2025-11-01T14:52:56.096+0000] {taskinstance.py:441} INFO - ::group::Post task execution logs
[2025-11-01T14:52:56.130+0000] {taskinstance.py:2905} ERROR - Task failed with exception
Traceback (most recent call last):
  File "/home/airflow/.local/lib/python3.12/site-packages/airflow/models/taskinstance.py", line 465, in _execute_task
    result = _execute_callable(context=context, **execute_callable_kwargs)
             ^^^^^^^^^^^^^^^^^^^^^^^^^^^^^^^^^^^^^^^^^^^^^^^^^^^^^^^^^^^^^
  File "/home/airflow/.local/lib/python3.12/site-packages/airflow/models/taskinstance.py", line 432, in _execute_callable
    return execute_callable(context=context, **execute_callable_kwargs)
           ^^^^^^^^^^^^^^^^^^^^^^^^^^^^^^^^^^^^^^^^^^^^^^^^^^^^^^^^^^^^
  File "/home/airflow/.local/lib/python3.12/site-packages/airflow/models/baseoperator.py", line 401, in wrapper
    return func(self, *args, **kwargs)
           ^^^^^^^^^^^^^^^^^^^^^^^^^^^
  File "/home/airflow/.local/lib/python3.12/site-packages/airflow/operators/bash.py", line 243, in execute
    raise AirflowException(
airflow.exceptions.AirflowException: Bash command failed. The command returned a non-zero exit code 2.
[2025-11-01T14:52:56.138+0000] {taskinstance.py:1206} INFO - Marking task as FAILED. dag_id=access_log_refresh_dag, task_id=run_dbt_models, run_id=manual__2025-11-01T14:47:36.659380+00:00, execution_date=20251101T144736, start_date=20251101T145250, end_date=20251101T145256
[2025-11-01T14:52:56.168+0000] {standard_task_runner.py:110} ERROR - Failed to execute job 4 for task run_dbt_models (Bash command failed. The command returned a non-zero exit code 2.; 254)
[2025-11-01T14:52:56.184+0000] {local_task_job_runner.py:243} INFO - Task exited with return code 1
[2025-11-01T14:52:56.215+0000] {taskinstance.py:3503} INFO - 0 downstream tasks scheduled from follow-on schedule check
[2025-11-01T14:52:56.220+0000] {local_task_job_runner.py:222} INFO - ::endgroup::
